
338503 CONSOLE_UART1> 
338658 CONSOLE_UART1> 
338802 CONSOLE_UART1> 
338925 CONSOLE_UART1> 
339096 CONSOLE_UART1> state
HSM states:
===========
UNDEF(0) - UNDEF                                        SYSTEM(1) - Started                                     
CONSOLE_UART1(2) - Interactive                          UNDEF(3) - UNDEF                                        
CMD_INPUT_UART1(4) - CmdReady                           UNDEF(5) - UNDEF                                        
CMD_PARSER_UART1(6) - SimpleArg                         UNDEF(7) - UNDEF                                        
UART1_ACT(8) - Normal                                   UNDEF(9) - UNDEF                                        
UART1_IN(10) - Inactive                                 UNDEF(11) - UNDEF                                       
UART1_OUT(12) - Normal                                  UNDEF(13) - UNDEF                                       
WIFI(14) - Connecting                                   NODE(15) - ConnectWait                                  
NODE_PARSER(16) - HeaderWait                            ILI9341(17) - Idle                                      
UNDEF(18) - UNDEF                                       SENSOR(19) - Started                                    
SENSOR_ACCEL_GYRO(20) - Off                             SENSOR_HUMID_TEMP(21) - Started                         
SENSOR_MAG(22) - Started                                SENSOR_PRESS(23) - Started                              
GPIO_IN_ACT(24) - Root                                  USER_BTN(25) - Inactive                                 
ACCEL_GYRO_INT(26) - Inactive                           MAG_DRDY(27) - Stopped                                  
HUMID_TEMP_DRDY(28) - Stopped                           PRESS_INT(29) - Stopped                                 
UNDEF(30) - UNDEF                                       GPIO_OUT_ACT(31) - Root                                 
USER_LED(32) - Idle                                     FUEL_PUMP(33) - Idle                                    
AO_WASHING_MACHINE(34) - DoorOpen                       TRAFFIC(35) - Stopped                                   
LAMP_NS(36) - Red                                       LAMP_EW(37) - Red                                       
LEVEL_METER(38) - Stopped                               SIMPLE_ACT(39) - Started                                
UNDEF(40) - UNDEF                                       COMPOSITE_ACT(41) - Started                             
COMPOSITE_REG0(42) - Started                            COMPOSITE_REG1(43) - Started                            
COMPOSITE_REG2(44) - Started                            COMPOSITE_REG3(45) - Started                            


339991 CONSOLE_UART1> 
340168 CONSOLE_UART1> 
340348 CONSOLE_UART1> 
340495 CONSOLE_UART1> 
340660 CONSOLE_UART1> fuel pay 0 20
Payment = Cash, Amount =  20
345323 FUEL_PUMP(33): Idle FUEL_PUMP_PAYMENT_IND from CONSOLE_UART1(2) seq=0
345323 FUEL_PUMP(33): Idle EXIT
345323 FUEL_PUMP(33): IdleDrawing ENTRY
345375 FUEL_PUMP(33): Started DISP_DRAW_BEGIN_CFM from ILI9341(17) seq=375
345376 FUEL_PUMP(33): IdleDrawing DISP_DRAW_END_CFM from ILI9341(17) seq=376
345383 FUEL_PUMP(33): Started DISP_DRAW_BEGIN_CFM from ILI9341(17) seq=377
345383 FUEL_PUMP(33): IdleDrawing DISP_DRAW_END_CFM from ILI9341(17) seq=378
345383 FUEL_PUMP(33): IdleDrawing EXIT
345383 FUEL_PUMP(33): Passive ENTRY
345383 FUEL_PUMP(33): Waiting ENTRY
345383 FUEL_PUMP(33): Waiting EXIT
345383 FUEL_PUMP(33): WaitingDrawing ENTRY
345393 FUEL_PUMP(33): Started DISP_DRAW_BEGIN_CFM from ILI9341(17) seq=379
345393 FUEL_PUMP(33): WaitingDrawing DISP_DRAW_END_CFM from ILI9341(17) seq=380
345393 FUEL_PUMP(33): WaitingDrawing EXIT
345394 FUEL_PUMP(33): Waiting ENTRY

345736 CONSOLE_UART1> 
345911 CONSOLE_UART1> 
346065 CONSOLE_UART1> fuel grade 87
Grade = 87 
349790 FUEL_PUMP(33): Waiting FUEL_PUMP_GRADE_REQ from CONSOLE_UART1(2) seq=5
349790 FUEL_PUMP(33): Waiting EXIT
349790 FUEL_PUMP(33): WaitingDrawing ENTRY
349802 FUEL_PUMP(33): Started DISP_DRAW_BEGIN_CFM from ILI9341(17) seq=381
349803 FUEL_PUMP(33): WaitingDrawing DISP_DRAW_END_CFM from ILI9341(17) seq=382
349803 FUEL_PUMP(33): WaitingDrawing EXIT
349803 FUEL_PUMP(33): Pumping ENTRY
349803 FUEL_PUMP(33): Filling ENTRY
349803 FUEL_PUMP(33): Started GPIO_OUT_PATTERN_CFM from USER_LED(32) seq=383
349803 Received FUEL_PUMP_GRADE_CFM from FUEL_PUMP(33) seq=5 error=0 origin=UNDEF(0) reason=0
349803 CONSOLE_UART1> 
350226 CONSOLE_UART1> 
350398 CONSOLE_UART1> 
350535 CONSOLE_UART1> 
350696 CONSOLE_UART1> 
350862 CONSOLE_UART1> 353001 SYSTEM(1): Started GPIO_IN_HOLD_IND from USER_BTN(25) seq=191
353001 FUEL_PUMP(33): Filling FUEL_PUMP_FILL_IND from SYSTEM(1) seq=0
353001 FUEL_PUMP(33): Filling FLDRAW from UNDEF(0) seq=0
353001 FUEL_PUMP(33): Filling EXIT
353001 FUEL_PUMP(33): ReDrawing ENTRY
353003 FUEL_PUMP(33): Started DISP_DRAW_BEGIN_CFM from ILI9341(17) seq=384
353003 FUEL_PUMP(33): ReDrawing DISP_DRAW_END_CFM from ILI9341(17) seq=385
353004 FUEL_PUMP(33): ReDrawing EXIT
353004 FUEL_PUMP(33): Filling ENTRY
353201 SYSTEM(1): Started GPIO_IN_HOLD_IND from USER_BTN(25) seq=192
353201 FUEL_PUMP(33): Filling FUEL_PUMP_FILL_IND from SYSTEM(1) seq=0
353201 FUEL_PUMP(33): Filling FLDRAW from UNDEF(0) seq=0
353201 FUEL_PUMP(33): Filling EXIT
353201 FUEL_PUMP(33): ReDrawing ENTRY
353203 FUEL_PUMP(33): Started DISP_DRAW_BEGIN_CFM from ILI9341(17) seq=386
353204 FUEL_PUMP(33): ReDrawing DISP_DRAW_END_CFM from ILI9341(17) seq=387
353204 FUEL_PUMP(33): ReDrawing EXIT
353204 FUEL_PUMP(33): Filling ENTRY
353401 SYSTEM(1): Started GPIO_IN_HOLD_IND from USER_BTN(25) seq=193
353401 FUEL_PUMP(33): Filling FUEL_PUMP_FILL_IND from SYSTEM(1) seq=0
353401 FUEL_PUMP(33): Filling FLDRAW from UNDEF(0) seq=0
353401 FUEL_PUMP(33): Filling EXIT
353401 FUEL_PUMP(33): ReDrawing ENTRY
353403 FUEL_PUMP(33): Started DISP_DRAW_BEGIN_CFM from ILI9341(17) seq=388
353403 FUEL_PUMP(33): ReDrawing DISP_DRAW_END_CFM from ILI9341(17) seq=389
353404 FUEL_PUMP(33): ReDrawing EXIT
353404 FUEL_PUMP(33): Filling ENTRY
353601 SYSTEM(1): Started GPIO_IN_HOLD_IND from USER_BTN(25) seq=194
353601 FUEL_PUMP(33): Filling FUEL_PUMP_FILL_IND from SYSTEM(1) seq=0
353601 FUEL_PUMP(33): Filling FLDRAW from UNDEF(0) seq=0
353601 FUEL_PUMP(33): Filling EXIT
353601 FUEL_PUMP(33): ReDrawing ENTRY
353603 FUEL_PUMP(33): Started DISP_DRAW_BEGIN_CFM from ILI9341(17) seq=390
353603 FUEL_PUMP(33): ReDrawing DISP_DRAW_END_CFM from ILI9341(17) seq=391
353604 FUEL_PUMP(33): ReDrawing EXIT
353604 FUEL_PUMP(33): Filling ENTRY
353801 SYSTEM(1): Started GPIO_IN_HOLD_IND from USER_BTN(25) seq=195
353801 FUEL_PUMP(33): Filling FUEL_PUMP_FILL_IND from SYSTEM(1) seq=0
353801 FUEL_PUMP(33): Filling FLDRAW from UNDEF(0) seq=0
353801 FUEL_PUMP(33): Filling EXIT
353801 FUEL_PUMP(33): ReDrawing ENTRY
353803 FUEL_PUMP(33): Started DISP_DRAW_BEGIN_CFM from ILI9341(17) seq=392
353803 FUEL_PUMP(33): ReDrawing DISP_DRAW_END_CFM from ILI9341(17) seq=393
353804 FUEL_PUMP(33): ReDrawing EXIT
353804 FUEL_PUMP(33): Filling ENTRY
354001 SYSTEM(1): Started GPIO_IN_HOLD_IND from USER_BTN(25) seq=196
354001 FUEL_PUMP(33): Filling FUEL_PUMP_FILL_IND from SYSTEM(1) seq=0
354001 FUEL_PUMP(33): Filling FLDRAW from UNDEF(0) seq=0
354001 FUEL_PUMP(33): Filling EXIT
354001 FUEL_PUMP(33): ReDrawing ENTRY
354003 FUEL_PUMP(33): Started DISP_DRAW_BEGIN_CFM from ILI9341(17) seq=394
354003 FUEL_PUMP(33): ReDrawing DISP_DRAW_END_CFM from ILI9341(17) seq=395
354004 FUEL_PUMP(33): ReDrawing EXIT
354004 FUEL_PUMP(33): Filling ENTRY
354201 SYSTEM(1): Started GPIO_IN_HOLD_IND from USER_BTN(25) seq=197
354201 FUEL_PUMP(33): Filling FUEL_PUMP_FILL_IND from SYSTEM(1) seq=0
354201 FUEL_PUMP(33): Filling FLDRAW from UNDEF(0) seq=0
354201 FUEL_PUMP(33): Filling EXIT
354201 FUEL_PUMP(33): ReDrawing ENTRY
354203 FUEL_PUMP(33): Started DISP_DRAW_BEGIN_CFM from ILI9341(17) seq=396
354203 FUEL_PUMP(33): ReDrawing DISP_DRAW_END_CFM from ILI9341(17) seq=397
354204 FUEL_PUMP(33): ReDrawing EXIT
354204 FUEL_PUMP(33): Filling ENTRY
354401 SYSTEM(1): Started GPIO_IN_HOLD_IND from USER_BTN(25) seq=198
354401 FUEL_PUMP(33): Filling FUEL_PUMP_FILL_IND from SYSTEM(1) seq=0
354401 FUEL_PUMP(33): Filling FLDRAW from UNDEF(0) seq=0
354401 FUEL_PUMP(33): Filling EXIT
354401 FUEL_PUMP(33): ReDrawing ENTRY
354403 FUEL_PUMP(33): Started DISP_DRAW_BEGIN_CFM from ILI9341(17) seq=398
354403 FUEL_PUMP(33): ReDrawing DISP_DRAW_END_CFM from ILI9341(17) seq=399
354404 FUEL_PUMP(33): ReDrawing EXIT
354404 FUEL_PUMP(33): Filling ENTRY
354601 SYSTEM(1): Started GPIO_IN_HOLD_IND from USER_BTN(25) seq=199
354601 FUEL_PUMP(33): Filling FUEL_PUMP_FILL_IND from SYSTEM(1) seq=0
354601 FUEL_PUMP(33): Filling FLDRAW from UNDEF(0) seq=0
354601 FUEL_PUMP(33): Filling EXIT
354601 FUEL_PUMP(33): ReDrawing ENTRY
354603 FUEL_PUMP(33): Started DISP_DRAW_BEGIN_CFM from ILI9341(17) seq=400
354603 FUEL_PUMP(33): ReDrawing DISP_DRAW_END_CFM from ILI9341(17) seq=401
354604 FUEL_PUMP(33): ReDrawing EXIT
354604 FUEL_PUMP(33): Filling ENTRY
354801 SYSTEM(1): Started GPIO_IN_HOLD_IND from USER_BTN(25) seq=200
354801 FUEL_PUMP(33): Filling FUEL_PUMP_FILL_IND from SYSTEM(1) seq=0
354801 FUEL_PUMP(33): Filling FLDRAW from UNDEF(0) seq=0
354801 FUEL_PUMP(33): Filling EXIT
354801 FUEL_PUMP(33): ReDrawing ENTRY
354804 FUEL_PUMP(33): Started DISP_DRAW_BEGIN_CFM from ILI9341(17) seq=402
354804 FUEL_PUMP(33): ReDrawing DISP_DRAW_END_CFM from ILI9341(17) seq=403
354804 FUEL_PUMP(33): ReDrawing EXIT
354804 FUEL_PUMP(33): Filling ENTRY
355001 SYSTEM(1): Started GPIO_IN_HOLD_IND from USER_BTN(25) seq=201
355001 FUEL_PUMP(33): Filling FUEL_PUMP_FILL_IND from SYSTEM(1) seq=0
355001 FUEL_PUMP(33): Filling FLDRAW from UNDEF(0) seq=0
355001 FUEL_PUMP(33): Filling EXIT
355001 FUEL_PUMP(33): ReDrawing ENTRY
355004 FUEL_PUMP(33): Started DISP_DRAW_BEGIN_CFM from ILI9341(17) seq=404
355004 FUEL_PUMP(33): ReDrawing DISP_DRAW_END_CFM from ILI9341(17) seq=405
355004 FUEL_PUMP(33): ReDrawing EXIT
355004 FUEL_PUMP(33): Filling ENTRY
355201 SYSTEM(1): Started GPIO_IN_HOLD_IND from USER_BTN(25) seq=202
355201 FUEL_PUMP(33): Filling FUEL_PUMP_FILL_IND from SYSTEM(1) seq=0
355201 FUEL_PUMP(33): Filling FLDRAW from UNDEF(0) seq=0
355201 FUEL_PUMP(33): Filling EXIT
355201 FUEL_PUMP(33): ReDrawing ENTRY
355204 FUEL_PUMP(33): Started DISP_DRAW_BEGIN_CFM from ILI9341(17) seq=406
355204 FUEL_PUMP(33): ReDrawing DISP_DRAW_END_CFM from ILI9341(17) seq=407
355204 FUEL_PUMP(33): ReDrawing EXIT
355204 FUEL_PUMP(33): Filling ENTRY
355401 SYSTEM(1): Started GPIO_IN_HOLD_IND from USER_BTN(25) seq=203
355401 FUEL_PUMP(33): Filling FUEL_PUMP_FILL_IND from SYSTEM(1) seq=0
355401 FUEL_PUMP(33): Filling FLDRAW from UNDEF(0) seq=0
355401 FUEL_PUMP(33): Filling EXIT
355401 FUEL_PUMP(33): ReDrawing ENTRY
355404 FUEL_PUMP(33): Started DISP_DRAW_BEGIN_CFM from ILI9341(17) seq=408
355404 FUEL_PUMP(33): ReDrawing DISP_DRAW_END_CFM from ILI9341(17) seq=409
355404 FUEL_PUMP(33): ReDrawing EXIT
355404 FUEL_PUMP(33): Filling ENTRY
355601 SYSTEM(1): Started GPIO_IN_HOLD_IND from USER_BTN(25) seq=204
355601 FUEL_PUMP(33): Filling FUEL_PUMP_FILL_IND from SYSTEM(1) seq=0
355601 FUEL_PUMP(33): Filling FLDRAW from UNDEF(0) seq=0
355601 FUEL_PUMP(33): Filling EXIT
355601 FUEL_PUMP(33): ReDrawing ENTRY
355604 FUEL_PUMP(33): Started DISP_DRAW_BEGIN_CFM from ILI9341(17) seq=410
355604 FUEL_PUMP(33): ReDrawing DISP_DRAW_END_CFM from ILI9341(17) seq=411
355604 FUEL_PUMP(33): ReDrawing EXIT
355604 FUEL_PUMP(33): Filling ENTRY
355801 SYSTEM(1): Started GPIO_IN_HOLD_IND from USER_BTN(25) seq=205
355801 FUEL_PUMP(33): Filling FUEL_PUMP_FILL_IND from SYSTEM(1) seq=0
355801 FUEL_PUMP(33): Filling FLDRAW from UNDEF(0) seq=0
355801 FUEL_PUMP(33): Filling EXIT
355801 FUEL_PUMP(33): ReDrawing ENTRY
355804 FUEL_PUMP(33): Started DISP_DRAW_BEGIN_CFM from ILI9341(17) seq=412
355804 FUEL_PUMP(33): ReDrawing DISP_DRAW_END_CFM from ILI9341(17) seq=413
355804 FUEL_PUMP(33): ReDrawing EXIT
355804 FUEL_PUMP(33): Filling ENTRY
356001 SYSTEM(1): Started GPIO_IN_HOLD_IND from USER_BTN(25) seq=206
356001 FUEL_PUMP(33): Filling FUEL_PUMP_FILL_IND from SYSTEM(1) seq=0
356001 FUEL_PUMP(33): Filling FLDRAW from UNDEF(0) seq=0
356001 FUEL_PUMP(33): Filling EXIT
356001 FUEL_PUMP(33): ReDrawing ENTRY
356004 FUEL_PUMP(33): Started DISP_DRAW_BEGIN_CFM from ILI9341(17) seq=414
356004 FUEL_PUMP(33): ReDrawing DISP_DRAW_END_CFM from ILI9341(17) seq=415
356004 FUEL_PUMP(33): ReDrawing EXIT
356004 FUEL_PUMP(33): Filling ENTRY
356201 SYSTEM(1): Started GPIO_IN_HOLD_IND from USER_BTN(25) seq=207
356201 FUEL_PUMP(33): Filling FUEL_PUMP_FILL_IND from SYSTEM(1) seq=0
356201 FUEL_PUMP(33): Filling FLDRAW from UNDEF(0) seq=0
356201 FUEL_PUMP(33): Filling EXIT
356201 FUEL_PUMP(33): ReDrawing ENTRY
356204 FUEL_PUMP(33): Started DISP_DRAW_BEGIN_CFM from ILI9341(17) seq=416
356204 FUEL_PUMP(33): ReDrawing DISP_DRAW_END_CFM from ILI9341(17) seq=417
356204 FUEL_PUMP(33): ReDrawing EXIT
356204 FUEL_PUMP(33): Filling ENTRY
356401 SYSTEM(1): Started GPIO_IN_HOLD_IND from USER_BTN(25) seq=208
356401 FUEL_PUMP(33): Filling FUEL_PUMP_FILL_IND from SYSTEM(1) seq=0
356401 FUEL_PUMP(33): Filling FLDRAW from UNDEF(0) seq=0
356401 FUEL_PUMP(33): Filling EXIT
356401 FUEL_PUMP(33): ReDrawing ENTRY
356404 FUEL_PUMP(33): Started DISP_DRAW_BEGIN_CFM from ILI9341(17) seq=418
356404 FUEL_PUMP(33): ReDrawing DISP_DRAW_END_CFM from ILI9341(17) seq=419
356404 FUEL_PUMP(33): ReDrawing EXIT
356404 FUEL_PUMP(33): Filling ENTRY
356601 SYSTEM(1): Started GPIO_IN_HOLD_IND from USER_BTN(25) seq=209
356601 FUEL_PUMP(33): Filling FUEL_PUMP_FILL_IND from SYSTEM(1) seq=0
356601 FUEL_PUMP(33): Filling FLDRAW from UNDEF(0) seq=0
356601 FUEL_PUMP(33): Filling EXIT
356601 FUEL_PUMP(33): ReDrawing ENTRY
356604 FUEL_PUMP(33): Started DISP_DRAW_BEGIN_CFM from ILI9341(17) seq=420
356604 FUEL_PUMP(33): ReDrawing DISP_DRAW_END_CFM from ILI9341(17) seq=421
356604 FUEL_PUMP(33): ReDrawing EXIT
356604 FUEL_PUMP(33): Filling ENTRY
356801 SYSTEM(1): Started GPIO_IN_HOLD_IND from USER_BTN(25) seq=210
356801 FUEL_PUMP(33): Filling FUEL_PUMP_FILL_IND from SYSTEM(1) seq=0
356801 FUEL_PUMP(33): Filling FLDRAW from UNDEF(0) seq=0
356801 FUEL_PUMP(33): Filling EXIT
356801 FUEL_PUMP(33): ReDrawing ENTRY
356804 FUEL_PUMP(33): Started DISP_DRAW_BEGIN_CFM from ILI9341(17) seq=422
356804 FUEL_PUMP(33): ReDrawing DISP_DRAW_END_CFM from ILI9341(17) seq=423
356804 FUEL_PUMP(33): ReDrawing EXIT
356804 FUEL_PUMP(33): Filling ENTRY
357001 SYSTEM(1): Started GPIO_IN_HOLD_IND from USER_BTN(25) seq=211
357001 FUEL_PUMP(33): Filling FUEL_PUMP_FILL_IND from SYSTEM(1) seq=0
357001 FUEL_PUMP(33): Filling FLDRAW from UNDEF(0) seq=0
357001 FUEL_PUMP(33): Filling EXIT
357001 FUEL_PUMP(33): ReDrawing ENTRY
357004 FUEL_PUMP(33): Started DISP_DRAW_BEGIN_CFM from ILI9341(17) seq=424
357004 FUEL_PUMP(33): ReDrawing DISP_DRAW_END_CFM from ILI9341(17) seq=425
357004 FUEL_PUMP(33): ReDrawing EXIT
357004 FUEL_PUMP(33): Filling ENTRY
357201 SYSTEM(1): Started GPIO_IN_HOLD_IND from USER_BTN(25) seq=212
357201 FUEL_PUMP(33): Filling FUEL_PUMP_FILL_IND from SYSTEM(1) seq=0
357201 FUEL_PUMP(33): Filling FLDRAW from UNDEF(0) seq=0
357201 FUEL_PUMP(33): Filling EXIT
357201 FUEL_PUMP(33): ReDrawing ENTRY
357204 FUEL_PUMP(33): Started DISP_DRAW_BEGIN_CFM from ILI9341(17) seq=426
357204 FUEL_PUMP(33): ReDrawing DISP_DRAW_END_CFM from ILI9341(17) seq=427
357204 FUEL_PUMP(33): ReDrawing EXIT
357204 FUEL_PUMP(33): Filling ENTRY
357401 SYSTEM(1): Started GPIO_IN_HOLD_IND from USER_BTN(25) seq=213
357401 FUEL_PUMP(33): Filling FUEL_PUMP_FILL_IND from SYSTEM(1) seq=0
357401 FUEL_PUMP(33): Filling FLDRAW from UNDEF(0) seq=0
357401 FUEL_PUMP(33): Filling EXIT
357401 FUEL_PUMP(33): ReDrawing ENTRY
357404 FUEL_PUMP(33): Started DISP_DRAW_BEGIN_CFM from ILI9341(17) seq=428
357404 FUEL_PUMP(33): ReDrawing DISP_DRAW_END_CFM from ILI9341(17) seq=429
357404 FUEL_PUMP(33): ReDrawing EXIT
357404 FUEL_PUMP(33): Filling ENTRY
357601 SYSTEM(1): Started GPIO_IN_HOLD_IND from USER_BTN(25) seq=214
357601 FUEL_PUMP(33): Filling FUEL_PUMP_FILL_IND from SYSTEM(1) seq=0
357601 FUEL_PUMP(33): Filling FLDRAW from UNDEF(0) seq=0
357601 FUEL_PUMP(33): Filling EXIT
357601 FUEL_PUMP(33): ReDrawing ENTRY
357604 FUEL_PUMP(33): Started DISP_DRAW_BEGIN_CFM from ILI9341(17) seq=430
357604 FUEL_PUMP(33): ReDrawing DISP_DRAW_END_CFM from ILI9341(17) seq=431
357604 FUEL_PUMP(33): ReDrawing EXIT
357604 FUEL_PUMP(33): Filling ENTRY
357801 SYSTEM(1): Started GPIO_IN_HOLD_IND from USER_BTN(25) seq=215
357801 FUEL_PUMP(33): Filling FUEL_PUMP_FILL_IND from SYSTEM(1) seq=0
357801 FUEL_PUMP(33): Filling FLDRAW from UNDEF(0) seq=0
357801 FUEL_PUMP(33): Filling EXIT
357801 FUEL_PUMP(33): ReDrawing ENTRY
357804 FUEL_PUMP(33): Started DISP_DRAW_BEGIN_CFM from ILI9341(17) seq=432
357804 FUEL_PUMP(33): ReDrawing DISP_DRAW_END_CFM from ILI9341(17) seq=433
357804 FUEL_PUMP(33): ReDrawing EXIT
357804 FUEL_PUMP(33): Filling ENTRY
358001 SYSTEM(1): Started GPIO_IN_HOLD_IND from USER_BTN(25) seq=216
358001 FUEL_PUMP(33): Filling FUEL_PUMP_FILL_IND from SYSTEM(1) seq=0
358001 FUEL_PUMP(33): Filling FLDRAW from UNDEF(0) seq=0
358001 FUEL_PUMP(33): Filling EXIT
358001 FUEL_PUMP(33): ReDrawing ENTRY
358004 FUEL_PUMP(33): Started DISP_DRAW_BEGIN_CFM from ILI9341(17) seq=434
358004 FUEL_PUMP(33): ReDrawing DISP_DRAW_END_CFM from ILI9341(17) seq=435
358004 FUEL_PUMP(33): ReDrawing EXIT
358004 FUEL_PUMP(33): Filling ENTRY
358201 SYSTEM(1): Started GPIO_IN_HOLD_IND from USER_BTN(25) seq=217
358201 FUEL_PUMP(33): Filling FUEL_PUMP_FILL_IND from SYSTEM(1) seq=0
358201 FUEL_PUMP(33): Filling FLDRAW from UNDEF(0) seq=0
358201 FUEL_PUMP(33): Filling EXIT
358201 FUEL_PUMP(33): ReDrawing ENTRY
358204 FUEL_PUMP(33): Started DISP_DRAW_BEGIN_CFM from ILI9341(17) seq=436
358204 FUEL_PUMP(33): ReDrawing DISP_DRAW_END_CFM from ILI9341(17) seq=437
358204 FUEL_PUMP(33): ReDrawing EXIT
358204 FUEL_PUMP(33): Filling ENTRY
358401 SYSTEM(1): Started GPIO_IN_HOLD_IND from USER_BTN(25) seq=218
358401 FUEL_PUMP(33): Filling FUEL_PUMP_FILL_IND from SYSTEM(1) seq=0
358401 FUEL_PUMP(33): Filling FLDRAW from UNDEF(0) seq=0
358401 FUEL_PUMP(33): Filling EXIT
358401 FUEL_PUMP(33): ReDrawing ENTRY
358404 FUEL_PUMP(33): Started DISP_DRAW_BEGIN_CFM from ILI9341(17) seq=438
358404 FUEL_PUMP(33): ReDrawing DISP_DRAW_END_CFM from ILI9341(17) seq=439
358404 FUEL_PUMP(33): ReDrawing EXIT
358404 FUEL_PUMP(33): Filling ENTRY
358601 SYSTEM(1): Started GPIO_IN_HOLD_IND from USER_BTN(25) seq=219
358601 FUEL_PUMP(33): Filling FUEL_PUMP_FILL_IND from SYSTEM(1) seq=0
358601 FUEL_PUMP(33): Filling FLDRAW from UNDEF(0) seq=0
358601 FUEL_PUMP(33): Filling EXIT
358601 FUEL_PUMP(33): ReDrawing ENTRY
358604 FUEL_PUMP(33): Started DISP_DRAW_BEGIN_CFM from ILI9341(17) seq=440
358604 FUEL_PUMP(33): ReDrawing DISP_DRAW_END_CFM from ILI9341(17) seq=441
358604 FUEL_PUMP(33): ReDrawing EXIT
358604 FUEL_PUMP(33): Filling ENTRY
358801 SYSTEM(1): Started GPIO_IN_HOLD_IND from USER_BTN(25) seq=220
358801 FUEL_PUMP(33): Filling FUEL_PUMP_FILL_IND from SYSTEM(1) seq=0
358801 FUEL_PUMP(33): Filling FLDRAW from UNDEF(0) seq=0
358801 FUEL_PUMP(33): Filling EXIT
358801 FUEL_PUMP(33): ReDrawing ENTRY
358803 FUEL_PUMP(33): Started DISP_DRAW_BEGIN_CFM from ILI9341(17) seq=442
358804 FUEL_PUMP(33): ReDrawing DISP_DRAW_END_CFM from ILI9341(17) seq=443
358804 FUEL_PUMP(33): ReDrawing EXIT
358804 FUEL_PUMP(33): Filling ENTRY
359001 SYSTEM(1): Started GPIO_IN_HOLD_IND from USER_BTN(25) seq=221
359001 FUEL_PUMP(33): Filling FUEL_PUMP_FILL_IND from SYSTEM(1) seq=0
359001 FUEL_PUMP(33): Filling FLDRAW from UNDEF(0) seq=0
359001 FUEL_PUMP(33): Filling EXIT
359001 FUEL_PUMP(33): ReDrawing ENTRY
359003 FUEL_PUMP(33): Started DISP_DRAW_BEGIN_CFM from ILI9341(17) seq=444
359004 FUEL_PUMP(33): ReDrawing DISP_DRAW_END_CFM from ILI9341(17) seq=445
359004 FUEL_PUMP(33): ReDrawing EXIT
359004 FUEL_PUMP(33): Filling ENTRY
359201 SYSTEM(1): Started GPIO_IN_HOLD_IND from USER_BTN(25) seq=222
359201 FUEL_PUMP(33): Filling FUEL_PUMP_FILL_IND from SYSTEM(1) seq=0
359201 FUEL_PUMP(33): Filling FLDRAW from UNDEF(0) seq=0
359201 FUEL_PUMP(33): Filling EXIT
359201 FUEL_PUMP(33): ReDrawing ENTRY
359204 FUEL_PUMP(33): Started DISP_DRAW_BEGIN_CFM from ILI9341(17) seq=446
359204 FUEL_PUMP(33): ReDrawing DISP_DRAW_END_CFM from ILI9341(17) seq=447
359204 FUEL_PUMP(33): ReDrawing EXIT
359204 FUEL_PUMP(33): Filling ENTRY
359401 SYSTEM(1): Started GPIO_IN_HOLD_IND from USER_BTN(25) seq=223
359401 FUEL_PUMP(33): Filling FUEL_PUMP_FILL_IND from SYSTEM(1) seq=0
359401 FUEL_PUMP(33): Filling FLDRAW from UNDEF(0) seq=0
359401 FUEL_PUMP(33): Filling EXIT
359401 FUEL_PUMP(33): ReDrawing ENTRY
359404 FUEL_PUMP(33): Started DISP_DRAW_BEGIN_CFM from ILI9341(17) seq=448
359404 FUEL_PUMP(33): ReDrawing DISP_DRAW_END_CFM from ILI9341(17) seq=449
359404 FUEL_PUMP(33): ReDrawing EXIT
359404 FUEL_PUMP(33): Filling ENTRY
359601 SYSTEM(1): Started GPIO_IN_HOLD_IND from USER_BTN(25) seq=224
359601 FUEL_PUMP(33): Filling FUEL_PUMP_FILL_IND from SYSTEM(1) seq=0
359601 FUEL_PUMP(33): Filling FLDRAW from UNDEF(0) seq=0
359601 FUEL_PUMP(33): Filling EXIT
359601 FUEL_PUMP(33): ReDrawing ENTRY
359604 FUEL_PUMP(33): Started DISP_DRAW_BEGIN_CFM from ILI9341(17) seq=450
359604 FUEL_PUMP(33): ReDrawing DISP_DRAW_END_CFM from ILI9341(17) seq=451
359604 FUEL_PUMP(33): ReDrawing EXIT
359604 FUEL_PUMP(33): Filling ENTRY
359801 SYSTEM(1): Started GPIO_IN_HOLD_IND from USER_BTN(25) seq=225
359801 FUEL_PUMP(33): Filling FUEL_PUMP_FILL_IND from SYSTEM(1) seq=0
359801 FUEL_PUMP(33): Filling FLDRAW from UNDEF(0) seq=0
359801 FUEL_PUMP(33): Filling EXIT
359801 FUEL_PUMP(33): ReDrawing ENTRY
359804 FUEL_PUMP(33): Started DISP_DRAW_BEGIN_CFM from ILI9341(17) seq=452
359805 FUEL_PUMP(33): ReDrawing DISP_DRAW_END_CFM from ILI9341(17) seq=453
359805 FUEL_PUMP(33): ReDrawing EXIT
359806 FUEL_PUMP(33): Filling ENTRY
360001 SYSTEM(1): Started GPIO_IN_HOLD_IND from USER_BTN(25) seq=226
360001 FUEL_PUMP(33): Filling FUEL_PUMP_FILL_IND from SYSTEM(1) seq=0
360001 FUEL_PUMP(33): Filling FLDRAW from UNDEF(0) seq=0
360001 FUEL_PUMP(33): Filling EXIT
360001 FUEL_PUMP(33): ReDrawing ENTRY
360004 FUEL_PUMP(33): Started DISP_DRAW_BEGIN_CFM from ILI9341(17) seq=454
360004 FUEL_PUMP(33): ReDrawing DISP_DRAW_END_CFM from ILI9341(17) seq=455
360004 FUEL_PUMP(33): ReDrawing EXIT
360004 FUEL_PUMP(33): Filling ENTRY
360201 SYSTEM(1): Started GPIO_IN_HOLD_IND from USER_BTN(25) seq=227
360201 FUEL_PUMP(33): Filling FUEL_PUMP_FILL_IND from SYSTEM(1) seq=0
360201 FUEL_PUMP(33): Filling FLDRAW from UNDEF(0) seq=0
360201 FUEL_PUMP(33): Filling EXIT
360201 FUEL_PUMP(33): ReDrawing ENTRY
360204 FUEL_PUMP(33): Started DISP_DRAW_BEGIN_CFM from ILI9341(17) seq=456
360204 FUEL_PUMP(33): ReDrawing DISP_DRAW_END_CFM from ILI9341(17) seq=457
360204 FUEL_PUMP(33): ReDrawing EXIT
360204 FUEL_PUMP(33): Filling ENTRY
360401 SYSTEM(1): Started GPIO_IN_HOLD_IND from USER_BTN(25) seq=228
360401 FUEL_PUMP(33): Filling FUEL_PUMP_FILL_IND from SYSTEM(1) seq=0
360401 FUEL_PUMP(33): Filling FLDRAW from UNDEF(0) seq=0
360401 FUEL_PUMP(33): Filling EXIT
360401 FUEL_PUMP(33): ReDrawing ENTRY
360404 FUEL_PUMP(33): Started DISP_DRAW_BEGIN_CFM from ILI9341(17) seq=458
360404 FUEL_PUMP(33): ReDrawing DISP_DRAW_END_CFM from ILI9341(17) seq=459
360404 FUEL_PUMP(33): ReDrawing EXIT
360404 FUEL_PUMP(33): Filling ENTRY
360601 SYSTEM(1): Started GPIO_IN_HOLD_IND from USER_BTN(25) seq=229
360601 FUEL_PUMP(33): Filling FUEL_PUMP_FILL_IND from SYSTEM(1) seq=0
360601 FUEL_PUMP(33): Filling FLDRAW from UNDEF(0) seq=0
360601 FUEL_PUMP(33): Filling EXIT
360601 FUEL_PUMP(33): ReDrawing ENTRY
360604 FUEL_PUMP(33): Started DISP_DRAW_BEGIN_CFM from ILI9341(17) seq=460
360604 FUEL_PUMP(33): ReDrawing DISP_DRAW_END_CFM from ILI9341(17) seq=461
360604 FUEL_PUMP(33): ReDrawing EXIT
360604 FUEL_PUMP(33): Filling ENTRY
360801 SYSTEM(1): Started GPIO_IN_HOLD_IND from USER_BTN(25) seq=230
360801 FUEL_PUMP(33): Filling FUEL_PUMP_FILL_IND from SYSTEM(1) seq=0
360801 FUEL_PUMP(33): Filling FLDRAW from UNDEF(0) seq=0
360801 FUEL_PUMP(33): Filling EXIT
360801 FUEL_PUMP(33): ReDrawing ENTRY
360804 FUEL_PUMP(33): Started DISP_DRAW_BEGIN_CFM from ILI9341(17) seq=462
360804 FUEL_PUMP(33): ReDrawing DISP_DRAW_END_CFM from ILI9341(17) seq=463
360804 FUEL_PUMP(33): ReDrawing EXIT
360804 FUEL_PUMP(33): Filling ENTRY
361001 SYSTEM(1): Started GPIO_IN_HOLD_IND from USER_BTN(25) seq=231
361001 FUEL_PUMP(33): Filling FUEL_PUMP_FILL_IND from SYSTEM(1) seq=0
361001 FUEL_PUMP(33): Filling FLDRAW from UNDEF(0) seq=0
361001 FUEL_PUMP(33): Filling EXIT
361001 FUEL_PUMP(33): ReDrawing ENTRY
361004 FUEL_PUMP(33): Started DISP_DRAW_BEGIN_CFM from ILI9341(17) seq=464
361004 FUEL_PUMP(33): ReDrawing DISP_DRAW_END_CFM from ILI9341(17) seq=465
361004 FUEL_PUMP(33): ReDrawing EXIT
361004 FUEL_PUMP(33): Filling ENTRY
361201 SYSTEM(1): Started GPIO_IN_HOLD_IND from USER_BTN(25) seq=232
361201 FUEL_PUMP(33): Filling FUEL_PUMP_FILL_IND from SYSTEM(1) seq=0
361201 FUEL_PUMP(33): Filling FLDRAW from UNDEF(0) seq=0
361201 FUEL_PUMP(33): Filling EXIT
361201 FUEL_PUMP(33): ReDrawing ENTRY
361204 FUEL_PUMP(33): Started DISP_DRAW_BEGIN_CFM from ILI9341(17) seq=466
361204 FUEL_PUMP(33): ReDrawing DISP_DRAW_END_CFM from ILI9341(17) seq=467
361204 FUEL_PUMP(33): ReDrawing EXIT
361204 FUEL_PUMP(33): Filling ENTRY
361401 SYSTEM(1): Started GPIO_IN_HOLD_IND from USER_BTN(25) seq=233
361401 FUEL_PUMP(33): Filling FUEL_PUMP_FILL_IND from SYSTEM(1) seq=0
361402 FUEL_PUMP(33): Filling FLDRAW from UNDEF(0) seq=0
361402 FUEL_PUMP(33): Filling EXIT
361402 FUEL_PUMP(33): ReDrawing ENTRY
361405 FUEL_PUMP(33): Started DISP_DRAW_BEGIN_CFM from ILI9341(17) seq=468
361405 FUEL_PUMP(33): ReDrawing DISP_DRAW_END_CFM from ILI9341(17) seq=469
361405 FUEL_PUMP(33): ReDrawing EXIT
361405 FUEL_PUMP(33): Filling ENTRY
361601 SYSTEM(1): Started GPIO_IN_HOLD_IND from USER_BTN(25) seq=234
361601 FUEL_PUMP(33): Filling FUEL_PUMP_FILL_IND from SYSTEM(1) seq=0
361601 FUEL_PUMP(33): Filling FLDRAW from UNDEF(0) seq=0
361601 FUEL_PUMP(33): Filling EXIT
361601 FUEL_PUMP(33): ReDrawing ENTRY
361604 FUEL_PUMP(33): Started DISP_DRAW_BEGIN_CFM from ILI9341(17) seq=470
361604 FUEL_PUMP(33): ReDrawing DISP_DRAW_END_CFM from ILI9341(17) seq=471
361604 FUEL_PUMP(33): ReDrawing EXIT
361604 FUEL_PUMP(33): Filling ENTRY
361801 SYSTEM(1): Started GPIO_IN_HOLD_IND from USER_BTN(25) seq=235
361801 FUEL_PUMP(33): Filling FUEL_PUMP_FILL_IND from SYSTEM(1) seq=0
361801 FUEL_PUMP(33): Filling FLDRAW from UNDEF(0) seq=0
361801 FUEL_PUMP(33): Filling EXIT
361801 FUEL_PUMP(33): ReDrawing ENTRY
361804 FUEL_PUMP(33): Started DISP_DRAW_BEGIN_CFM from ILI9341(17) seq=472
361804 FUEL_PUMP(33): ReDrawing DISP_DRAW_END_CFM from ILI9341(17) seq=473
361804 FUEL_PUMP(33): ReDrawing EXIT
361804 FUEL_PUMP(33): Filling ENTRY
362001 SYSTEM(1): Started GPIO_IN_HOLD_IND from USER_BTN(25) seq=236
362001 FUEL_PUMP(33): Filling FUEL_PUMP_FILL_IND from SYSTEM(1) seq=0
362001 FUEL_PUMP(33): Filling FLDRAW from UNDEF(0) seq=0
362001 FUEL_PUMP(33): Filling EXIT
362001 FUEL_PUMP(33): ReDrawing ENTRY
362004 FUEL_PUMP(33): Started DISP_DRAW_BEGIN_CFM from ILI9341(17) seq=474
362004 FUEL_PUMP(33): ReDrawing DISP_DRAW_END_CFM from ILI9341(17) seq=475
362004 FUEL_PUMP(33): ReDrawing EXIT
362004 FUEL_PUMP(33): Filling ENTRY
362201 SYSTEM(1): Started GPIO_IN_HOLD_IND from USER_BTN(25) seq=237
362201 FUEL_PUMP(33): Filling FUEL_PUMP_FILL_IND from SYSTEM(1) seq=0
362201 FUEL_PUMP(33): Filling FLDRAW from UNDEF(0) seq=0
362201 FUEL_PUMP(33): Filling EXIT
362201 FUEL_PUMP(33): ReDrawing ENTRY
362204 FUEL_PUMP(33): Started DISP_DRAW_BEGIN_CFM from ILI9341(17) seq=476
362204 FUEL_PUMP(33): ReDrawing DISP_DRAW_END_CFM from ILI9341(17) seq=477
362204 FUEL_PUMP(33): ReDrawing EXIT
362204 FUEL_PUMP(33): Filling ENTRY
362401 SYSTEM(1): Started GPIO_IN_HOLD_IND from USER_BTN(25) seq=238
362401 FUEL_PUMP(33): Filling FUEL_PUMP_FILL_IND from SYSTEM(1) seq=0
362401 FUEL_PUMP(33): Filling FLDRAW from UNDEF(0) seq=0
362401 FUEL_PUMP(33): Filling EXIT
362401 FUEL_PUMP(33): ReDrawing ENTRY
362404 FUEL_PUMP(33): Started DISP_DRAW_BEGIN_CFM from ILI9341(17) seq=478
362404 FUEL_PUMP(33): ReDrawing DISP_DRAW_END_CFM from ILI9341(17) seq=479
362404 FUEL_PUMP(33): ReDrawing EXIT
362404 FUEL_PUMP(33): Filling ENTRY

367055 CONSOLE_UART1> 
367365 CONSOLE_UART1> 
367499 CONSOLE_UART1> 
367650 CONSOLE_UART1> state
HSM states:
===========
UNDEF(0) - UNDEF                                        SYSTEM(1) - Started                                     
CONSOLE_UART1(2) - Interactive                          UNDEF(3) - UNDEF                                        
CMD_INPUT_UART1(4) - CmdReady                           UNDEF(5) - UNDEF                                        
CMD_PARSER_UART1(6) - SimpleArg                         UNDEF(7) - UNDEF                                        
UART1_ACT(8) - Normal                                   UNDEF(9) - UNDEF                                        
UART1_IN(10) - Inactive                                 UNDEF(11) - UNDEF                                       
UART1_OUT(12) - Normal                                  UNDEF(13) - UNDEF                                       
WIFI(14) - Connecting                                   NODE(15) - ConnectWait                                  
NODE_PARSER(16) - HeaderWait                            ILI9341(17) - Idle                                      
UNDEF(18) - UNDEF                                       SENSOR(19) - Started                                    
SENSOR_ACCEL_GYRO(20) - Off                             SENSOR_HUMID_TEMP(21) - Started                         
SENSOR_MAG(22) - Started                                SENSOR_PRESS(23) - Started                              
GPIO_IN_ACT(24) - Root                                  USER_BTN(25) - Inactive                                 
ACCEL_GYRO_INT(26) - Inactive                           MAG_DRDY(27) - Stopped                                  
HUMID_TEMP_DRDY(28) - Stopped                           PRESS_INT(29) - Stopped                                 
UNDEF(30) - UNDEF                                       GPIO_OUT_ACT(31) - Root                                 
USER_LED(32) - Repeating                                FUEL_PUMP(33) - Filling                                 
AO_WASHING_MACHINE(34) - DoorOpen                       TRAFFIC(35) - Stopped                                   
LAMP_NS(36) - Red                                       LAMP_EW(37) - Red                                       
LEVEL_METER(38) - Stopped                               SIMPLE_ACT(39) - Started                                
UNDEF(40) - UNDEF                                       COMPOSITE_ACT(41) - Started                             
COMPOSITE_REG0(42) - Started                            COMPOSITE_REG1(43) - Started                            
COMPOSITE_REG2(44) - Started                            COMPOSITE_REG3(45) - Started                            


368376 CONSOLE_UART1> 
368917 CONSOLE_UART1> 
369067 CONSOLE_UART1> 
369222 CONSOLE_UART1> 370854 FUEL_PUMP(33): Pumping PUMP_TIMER
370854 FUEL_PUMP(33): Filling EXIT
370854 FUEL_PUMP(33): Pumping EXIT
370854 FUEL_PUMP(33): Admission ENTRY
370854 FUEL_PUMP(33): Admission EXIT
370854 FUEL_PUMP(33): WaitingDrawing ENTRY
370864 FUEL_PUMP(33): Started GPIO_OUT_OFF_CFM from USER_LED(32) seq=480
370864 FUEL_PUMP(33): Started DISP_DRAW_BEGIN_CFM from ILI9341(17) seq=481
370864 FUEL_PUMP(33): WaitingDrawing DISP_DRAW_END_CFM from ILI9341(17) seq=482
370865 FUEL_PUMP(33): WaitingDrawing EXIT
370865 FUEL_PUMP(33): Waiting ENTRY

372919 CONSOLE_UART1> 
373075 CONSOLE_UART1> 
373233 CONSOLE_UART1> state
HSM states:
===========
UNDEF(0) - UNDEF                                        SYSTEM(1) - Started                                     
CONSOLE_UART1(2) - Interactive                          UNDEF(3) - UNDEF                                        
CMD_INPUT_UART1(4) - CmdReady                           UNDEF(5) - UNDEF                                        
CMD_PARSER_UART1(6) - SimpleArg                         UNDEF(7) - UNDEF                                        
UART1_ACT(8) - Normal                                   UNDEF(9) - UNDEF                                        
UART1_IN(10) - Inactive                                 UNDEF(11) - UNDEF                                       
UART1_OUT(12) - Normal                                  UNDEF(13) - UNDEF                                       
WIFI(14) - Connecting                                   NODE(15) - ConnectWait                                  
NODE_PARSER(16) - HeaderWait                            ILI9341(17) - Idle                                      
UNDEF(18) - UNDEF                                       SENSOR(19) - Started                                    
SENSOR_ACCEL_GYRO(20) - Off                             SENSOR_HUMID_TEMP(21) - Started                         
SENSOR_MAG(22) - Started                                SENSOR_PRESS(23) - Started                              
GPIO_IN_ACT(24) - Root                                  USER_BTN(25) - Inactive                                 
ACCEL_GYRO_INT(26) - Inactive                           MAG_DRDY(27) - Stopped                                  
HUMID_TEMP_DRDY(28) - Stopped                           PRESS_INT(29) - Stopped                                 
UNDEF(30) - UNDEF                                       GPIO_OUT_ACT(31) - Root                                 
USER_LED(32) - Idle                                     FUEL_PUMP(33) - Waiting                                 
AO_WASHING_MACHINE(34) - DoorOpen                       TRAFFIC(35) - Stopped                                   
LAMP_NS(36) - Red                                       LAMP_EW(37) - Red                                       
LEVEL_METER(38) - Stopped                               SIMPLE_ACT(39) - Started                                
UNDEF(40) - UNDEF                                       COMPOSITE_ACT(41) - Started                             
COMPOSITE_REG0(42) - Started                            COMPOSITE_REG1(43) - Started                            
COMPOSITE_REG2(44) - Started                            COMPOSITE_REG3(45) - Started                            


374374 CONSOLE_UART1> 
374586 CONSOLE_UART1> 
374747 CONSOLE_UART1> 
374875 CONSOLE_UART1> 380865 FUEL_PUMP(33): Passive TIME_OUT_TIMER
380865 FUEL_PUMP(33): Waiting EXIT
380865 FUEL_PUMP(33): Passive EXIT
380865 FUEL_PUMP(33): Idle ENTRY
380865 FUEL_PUMP(33): Idle EXIT
380865 FUEL_PUMP(33): IdleDrawing ENTRY
380917 FUEL_PUMP(33): Started DISP_DRAW_BEGIN_CFM from ILI9341(17) seq=483
380917 FUEL_PUMP(33): IdleDrawing DISP_DRAW_END_CFM from ILI9341(17) seq=484
380925 FUEL_PUMP(33): Started DISP_DRAW_BEGIN_CFM from ILI9341(17) seq=485
380925 FUEL_PUMP(33): IdleDrawing DISP_DRAW_END_CFM from ILI9341(17) seq=486
380925 FUEL_PUMP(33): IdleDrawing EXIT
380925 FUEL_PUMP(33): Idle ENTRY

383814 CONSOLE_UART1> 
383980 CONSOLE_UART1> 
384103 CONSOLE_UART1> fuel prate
fuel prate <#Grade> <#price rate>
386007 CONSOLE_UART1> 
386328 CONSOLE_UART1> 
386483 CONSOLE_UART1> 
386629 CONSOLE_UART1> fuel prate 87 6
Grade = 87, Price Rate =  0.60
391054 FUEL_PUMP(33): Idle FUEL_PUMP_CPRICERATE_REQ from CONSOLE_UART1(2) seq=6
391054 Received FUEL_PUMP_CPRICERATE_CFM from FUEL_PUMP(33) seq=6 error=0 origin=UNDEF(0) reason=0
391055 CONSOLE_UART1> 
391466 CONSOLE_UART1> 
391626 CONSOLE_UART1> 
391777 CONSOLE_UART1> 
391921 CONSOLE_UART1> 
392058 CONSOLE_UART1> fuel pay 0 20
Payment = Cash, Amount =  20
397591 FUEL_PUMP(33): Idle FUEL_PUMP_PAYMENT_IND from CONSOLE_UART1(2) seq=0
397591 FUEL_PUMP(33): Idle EXIT
397591 FUEL_PUMP(33): IdleDrawing ENTRY
397643 FUEL_PUMP(33): Started DISP_DRAW_BEGIN_CFM from ILI9341(17) seq=487
397644 FUEL_PUMP(33): IdleDrawing DISP_DRAW_END_CFM from ILI9341(17) seq=488
397651 FUEL_PUMP(33): Started DISP_DRAW_BEGIN_CFM from ILI9341(17) seq=489
397651 FUEL_PUMP(33): IdleDrawing DISP_DRAW_END_CFM from ILI9341(17) seq=490
397651 FUEL_PUMP(33): IdleDrawing EXIT
397651 FUEL_PUMP(33): Passive ENTRY
397651 FUEL_PUMP(33): Waiting ENTRY
397651 FUEL_PUMP(33): Waiting EXIT
397651 FUEL_PUMP(33): WaitingDrawing ENTRY
397661 FUEL_PUMP(33): Started DISP_DRAW_BEGIN_CFM from ILI9341(17) seq=491
397661 FUEL_PUMP(33): WaitingDrawing DISP_DRAW_END_CFM from ILI9341(17) seq=492
397661 FUEL_PUMP(33): WaitingDrawing EXIT
397662 FUEL_PUMP(33): Waiting ENTRY

398070 CONSOLE_UART1> 
398231 CONSOLE_UART1> 
398377 CONSOLE_UART1> 
398512 CONSOLE_UART1> 
398783 CONSOLE_UART1> 400440 SYSTEM(1): Started GPIO_IN_HOLD_IND from USER_BTN(25) seq=243
400440 FUEL_PUMP(33): Started FUEL_PUMP_FILL_IND from SYSTEM(1) seq=0
400640 SYSTEM(1): Started GPIO_IN_HOLD_IND from USER_BTN(25) seq=244
400640 FUEL_PUMP(33): Started FUEL_PUMP_FILL_IND from SYSTEM(1) seq=0
400840 SYSTEM(1): Started GPIO_IN_HOLD_IND from USER_BTN(25) seq=245
400840 FUEL_PUMP(33): Started FUEL_PUMP_FILL_IND from SYSTEM(1) seq=0
401040 SYSTEM(1): Started GPIO_IN_HOLD_IND from USER_BTN(25) seq=246
401040 FUEL_PUMP(33): Started FUEL_PUMP_FILL_IND from SYSTEM(1) seq=0
'
402928 CONSOLE_UART1> 
403049 CONSOLE_UART1> 
403195 CONSOLE_UART1> fuel grade 87
Grade = 87 
405441 FUEL_PUMP(33): Waiting FUEL_PUMP_GRADE_REQ from CONSOLE_UART1(2) seq=7
405441 FUEL_PUMP(33): Waiting EXIT
405441 FUEL_PUMP(33): WaitingDrawing ENTRY
405453 FUEL_PUMP(33): Started DISP_DRAW_BEGIN_CFM from ILI9341(17) seq=493
405453 FUEL_PUMP(33): WaitingDrawing DISP_DRAW_END_CFM from ILI9341(17) seq=494
405454 FUEL_PUMP(33): WaitingDrawing EXIT
405454 FUEL_PUMP(33): Pumping ENTRY
405454 FUEL_PUMP(33): Filling ENTRY
405454 FUEL_PUMP(33): Started GPIO_OUT_PATTERN_CFM from USER_LED(32) seq=495
405454 Received FUEL_PUMP_GRADE_CFM from FUEL_PUMP(33) seq=7 error=0 origin=UNDEF(0) reason=0
405454 CONSOLE_UART1> 
405640 CONSOLE_UART1> 
405790 CONSOLE_UART1> 
405927 CONSOLE_UART1> 
406039 CONSOLE_UART1> 407837 SYSTEM(1): Started GPIO_IN_HOLD_IND from USER_BTN(25) seq=251
407837 FUEL_PUMP(33): Filling FUEL_PUMP_FILL_IND from SYSTEM(1) seq=0
407837 FUEL_PUMP(33): Filling FLDRAW from UNDEF(0) seq=0
407837 FUEL_PUMP(33): Filling EXIT
407837 FUEL_PUMP(33): ReDrawing ENTRY
407839 FUEL_PUMP(33): Started DISP_DRAW_BEGIN_CFM from ILI9341(17) seq=496
407839 FUEL_PUMP(33): ReDrawing DISP_DRAW_END_CFM from ILI9341(17) seq=497
407840 FUEL_PUMP(33): ReDrawing EXIT
407840 FUEL_PUMP(33): Filling ENTRY
408037 SYSTEM(1): Started GPIO_IN_HOLD_IND from USER_BTN(25) seq=252
408037 FUEL_PUMP(33): Filling FUEL_PUMP_FILL_IND from SYSTEM(1) seq=0
408037 FUEL_PUMP(33): Filling FLDRAW from UNDEF(0) seq=0
408037 FUEL_PUMP(33): Filling EXIT
408037 FUEL_PUMP(33): ReDrawing ENTRY
408039 FUEL_PUMP(33): Started DISP_DRAW_BEGIN_CFM from ILI9341(17) seq=498
408039 FUEL_PUMP(33): ReDrawing DISP_DRAW_END_CFM from ILI9341(17) seq=499
408040 FUEL_PUMP(33): ReDrawing EXIT
408040 FUEL_PUMP(33): Filling ENTRY
408237 SYSTEM(1): Started GPIO_IN_HOLD_IND from USER_BTN(25) seq=253
408237 FUEL_PUMP(33): Filling FUEL_PUMP_FILL_IND from SYSTEM(1) seq=0
408237 FUEL_PUMP(33): Filling FLDRAW from UNDEF(0) seq=0
408237 FUEL_PUMP(33): Filling EXIT
408237 FUEL_PUMP(33): ReDrawing ENTRY
408239 FUEL_PUMP(33): Started DISP_DRAW_BEGIN_CFM from ILI9341(17) seq=500
408239 FUEL_PUMP(33): ReDrawing DISP_DRAW_END_CFM from ILI9341(17) seq=501
408240 FUEL_PUMP(33): ReDrawing EXIT
408240 FUEL_PUMP(33): Filling ENTRY
408437 SYSTEM(1): Started GPIO_IN_HOLD_IND from USER_BTN(25) seq=254
408437 FUEL_PUMP(33): Filling FUEL_PUMP_FILL_IND from SYSTEM(1) seq=0
408437 FUEL_PUMP(33): Filling FLDRAW from UNDEF(0) seq=0
408437 FUEL_PUMP(33): Filling EXIT
408437 FUEL_PUMP(33): ReDrawing ENTRY
408439 FUEL_PUMP(33): Started DISP_DRAW_BEGIN_CFM from ILI9341(17) seq=502
408439 FUEL_PUMP(33): ReDrawing DISP_DRAW_END_CFM from ILI9341(17) seq=503
408440 FUEL_PUMP(33): ReDrawing EXIT
408440 FUEL_PUMP(33): Filling ENTRY
408637 SYSTEM(1): Started GPIO_IN_HOLD_IND from USER_BTN(25) seq=255
408637 FUEL_PUMP(33): Filling FUEL_PUMP_FILL_IND from SYSTEM(1) seq=0
408637 FUEL_PUMP(33): Filling FLDRAW from UNDEF(0) seq=0
408637 FUEL_PUMP(33): Filling EXIT
408637 FUEL_PUMP(33): ReDrawing ENTRY
408639 FUEL_PUMP(33): Started DISP_DRAW_BEGIN_CFM from ILI9341(17) seq=504
408639 FUEL_PUMP(33): ReDrawing DISP_DRAW_END_CFM from ILI9341(17) seq=505
408640 FUEL_PUMP(33): ReDrawing EXIT
408640 FUEL_PUMP(33): Filling ENTRY
408837 SYSTEM(1): Started GPIO_IN_HOLD_IND from USER_BTN(25) seq=256
408837 FUEL_PUMP(33): Filling FUEL_PUMP_FILL_IND from SYSTEM(1) seq=0
408837 FUEL_PUMP(33): Filling FLDRAW from UNDEF(0) seq=0
408837 FUEL_PUMP(33): Filling EXIT
408837 FUEL_PUMP(33): ReDrawing ENTRY
408839 FUEL_PUMP(33): Started DISP_DRAW_BEGIN_CFM from ILI9341(17) seq=506
408839 FUEL_PUMP(33): ReDrawing DISP_DRAW_END_CFM from ILI9341(17) seq=507
408840 FUEL_PUMP(33): ReDrawing EXIT
408840 FUEL_PUMP(33): Filling ENTRY
409037 SYSTEM(1): Started GPIO_IN_HOLD_IND from USER_BTN(25) seq=257
409037 FUEL_PUMP(33): Filling FUEL_PUMP_FILL_IND from SYSTEM(1) seq=0
409037 FUEL_PUMP(33): Filling FLDRAW from UNDEF(0) seq=0
409037 FUEL_PUMP(33): Filling EXIT
409037 FUEL_PUMP(33): ReDrawing ENTRY
409039 FUEL_PUMP(33): Started DISP_DRAW_BEGIN_CFM from ILI9341(17) seq=508
409039 FUEL_PUMP(33): ReDrawing DISP_DRAW_END_CFM from ILI9341(17) seq=509
409040 FUEL_PUMP(33): ReDrawing EXIT
409040 FUEL_PUMP(33): Filling ENTRY
409237 SYSTEM(1): Started GPIO_IN_HOLD_IND from USER_BTN(25) seq=258
409237 FUEL_PUMP(33): Filling FUEL_PUMP_FILL_IND from SYSTEM(1) seq=0
409237 FUEL_PUMP(33): Filling FLDRAW from UNDEF(0) seq=0
409237 FUEL_PUMP(33): Filling EXIT
409237 FUEL_PUMP(33): ReDrawing ENTRY
409239 FUEL_PUMP(33): Started DISP_DRAW_BEGIN_CFM from ILI9341(17) seq=510
409239 FUEL_PUMP(33): ReDrawing DISP_DRAW_END_CFM from ILI9341(17) seq=511
409240 FUEL_PUMP(33): ReDrawing EXIT
409240 FUEL_PUMP(33): Filling ENTRY
409437 SYSTEM(1): Started GPIO_IN_HOLD_IND from USER_BTN(25) seq=259
409437 FUEL_PUMP(33): Filling FUEL_PUMP_FILL_IND from SYSTEM(1) seq=0
409437 FUEL_PUMP(33): Filling FLDRAW from UNDEF(0) seq=0
409437 FUEL_PUMP(33): Filling EXIT
409437 FUEL_PUMP(33): ReDrawing ENTRY
409439 FUEL_PUMP(33): Started DISP_DRAW_BEGIN_CFM from ILI9341(17) seq=512
409439 FUEL_PUMP(33): ReDrawing DISP_DRAW_END_CFM from ILI9341(17) seq=513
409440 FUEL_PUMP(33): ReDrawing EXIT
409440 FUEL_PUMP(33): Filling ENTRY
409637 SYSTEM(1): Started GPIO_IN_HOLD_IND from USER_BTN(25) seq=260
409637 FUEL_PUMP(33): Filling FUEL_PUMP_FILL_IND from SYSTEM(1) seq=0
409637 FUEL_PUMP(33): Filling FLDRAW from UNDEF(0) seq=0
409637 FUEL_PUMP(33): Filling EXIT
409637 FUEL_PUMP(33): ReDrawing ENTRY
409640 FUEL_PUMP(33): Started DISP_DRAW_BEGIN_CFM from ILI9341(17) seq=514
409640 FUEL_PUMP(33): ReDrawing DISP_DRAW_END_CFM from ILI9341(17) seq=515
409640 FUEL_PUMP(33): ReDrawing EXIT
409640 FUEL_PUMP(33): Filling ENTRY
409837 SYSTEM(1): Started GPIO_IN_HOLD_IND from USER_BTN(25) seq=261
409837 FUEL_PUMP(33): Filling FUEL_PUMP_FILL_IND from SYSTEM(1) seq=0
409837 FUEL_PUMP(33): Filling FLDRAW from UNDEF(0) seq=0
409837 FUEL_PUMP(33): Filling EXIT
409837 FUEL_PUMP(33): ReDrawing ENTRY
409839 FUEL_PUMP(33): Started DISP_DRAW_BEGIN_CFM from ILI9341(17) seq=516
409840 FUEL_PUMP(33): ReDrawing DISP_DRAW_END_CFM from ILI9341(17) seq=517
409840 FUEL_PUMP(33): ReDrawing EXIT
409840 FUEL_PUMP(33): Filling ENTRY
410037 SYSTEM(1): Started GPIO_IN_HOLD_IND from USER_BTN(25) seq=262
410037 FUEL_PUMP(33): Filling FUEL_PUMP_FILL_IND from SYSTEM(1) seq=0
410037 FUEL_PUMP(33): Filling FLDRAW from UNDEF(0) seq=0
410037 FUEL_PUMP(33): Filling EXIT
410037 FUEL_PUMP(33): ReDrawing ENTRY
410039 FUEL_PUMP(33): Started DISP_DRAW_BEGIN_CFM from ILI9341(17) seq=518
410040 FUEL_PUMP(33): ReDrawing DISP_DRAW_END_CFM from ILI9341(17) seq=519
410040 FUEL_PUMP(33): ReDrawing EXIT
410040 FUEL_PUMP(33): Filling ENTRY
410237 SYSTEM(1): Started GPIO_IN_HOLD_IND from USER_BTN(25) seq=263
410237 FUEL_PUMP(33): Filling FUEL_PUMP_FILL_IND from SYSTEM(1) seq=0
410237 FUEL_PUMP(33): Filling FLDRAW from UNDEF(0) seq=0
410237 FUEL_PUMP(33): Filling EXIT
410237 FUEL_PUMP(33): ReDrawing ENTRY
410239 FUEL_PUMP(33): Started DISP_DRAW_BEGIN_CFM from ILI9341(17) seq=520
410240 FUEL_PUMP(33): ReDrawing DISP_DRAW_END_CFM from ILI9341(17) seq=521
410240 FUEL_PUMP(33): ReDrawing EXIT
410240 FUEL_PUMP(33): Filling ENTRY
410437 SYSTEM(1): Started GPIO_IN_HOLD_IND from USER_BTN(25) seq=264
410437 FUEL_PUMP(33): Filling FUEL_PUMP_FILL_IND from SYSTEM(1) seq=0
410437 FUEL_PUMP(33): Filling FLDRAW from UNDEF(0) seq=0
410437 FUEL_PUMP(33): Filling EXIT
410437 FUEL_PUMP(33): ReDrawing ENTRY
410440 FUEL_PUMP(33): Started DISP_DRAW_BEGIN_CFM from ILI9341(17) seq=522
410440 FUEL_PUMP(33): ReDrawing DISP_DRAW_END_CFM from ILI9341(17) seq=523
410440 FUEL_PUMP(33): ReDrawing EXIT
410440 FUEL_PUMP(33): Filling ENTRY
410637 SYSTEM(1): Started GPIO_IN_HOLD_IND from USER_BTN(25) seq=265
410637 FUEL_PUMP(33): Filling FUEL_PUMP_FILL_IND from SYSTEM(1) seq=0
410637 FUEL_PUMP(33): Filling FLDRAW from UNDEF(0) seq=0
410637 FUEL_PUMP(33): Filling EXIT
410637 FUEL_PUMP(33): ReDrawing ENTRY
410639 FUEL_PUMP(33): Started DISP_DRAW_BEGIN_CFM from ILI9341(17) seq=524
410640 FUEL_PUMP(33): ReDrawing DISP_DRAW_END_CFM from ILI9341(17) seq=525
410640 FUEL_PUMP(33): ReDrawing EXIT
410640 FUEL_PUMP(33): Filling ENTRY
410837 SYSTEM(1): Started GPIO_IN_HOLD_IND from USER_BTN(25) seq=266
410837 FUEL_PUMP(33): Filling FUEL_PUMP_FILL_IND from SYSTEM(1) seq=0
410837 FUEL_PUMP(33): Filling FLDRAW from UNDEF(0) seq=0
410837 FUEL_PUMP(33): Filling EXIT
410837 FUEL_PUMP(33): ReDrawing ENTRY
410840 FUEL_PUMP(33): Started DISP_DRAW_BEGIN_CFM from ILI9341(17) seq=526
410840 FUEL_PUMP(33): ReDrawing DISP_DRAW_END_CFM from ILI9341(17) seq=527
410840 FUEL_PUMP(33): ReDrawing EXIT
410840 FUEL_PUMP(33): Filling ENTRY
411037 SYSTEM(1): Started GPIO_IN_HOLD_IND from USER_BTN(25) seq=267
411037 FUEL_PUMP(33): Filling FUEL_PUMP_FILL_IND from SYSTEM(1) seq=0
411037 FUEL_PUMP(33): Filling FLDRAW from UNDEF(0) seq=0
411037 FUEL_PUMP(33): Filling EXIT
411037 FUEL_PUMP(33): ReDrawing ENTRY
411040 FUEL_PUMP(33): Started DISP_DRAW_BEGIN_CFM from ILI9341(17) seq=528
411040 FUEL_PUMP(33): ReDrawing DISP_DRAW_END_CFM from ILI9341(17) seq=529
411040 FUEL_PUMP(33): ReDrawing EXIT
411040 FUEL_PUMP(33): Filling ENTRY
411237 SYSTEM(1): Started GPIO_IN_HOLD_IND from USER_BTN(25) seq=268
411237 FUEL_PUMP(33): Filling FUEL_PUMP_FILL_IND from SYSTEM(1) seq=0
411237 FUEL_PUMP(33): Filling FLDRAW from UNDEF(0) seq=0
411237 FUEL_PUMP(33): Filling EXIT
411237 FUEL_PUMP(33): ReDrawing ENTRY
411240 FUEL_PUMP(33): Started DISP_DRAW_BEGIN_CFM from ILI9341(17) seq=530
411240 FUEL_PUMP(33): ReDrawing DISP_DRAW_END_CFM from ILI9341(17) seq=531
411240 FUEL_PUMP(33): ReDrawing EXIT
411240 FUEL_PUMP(33): Filling ENTRY
411437 SYSTEM(1): Started GPIO_IN_HOLD_IND from USER_BTN(25) seq=269
411437 FUEL_PUMP(33): Filling FUEL_PUMP_FILL_IND from SYSTEM(1) seq=0
411437 FUEL_PUMP(33): Filling FLDRAW from UNDEF(0) seq=0
411437 FUEL_PUMP(33): Filling EXIT
411437 FUEL_PUMP(33): ReDrawing ENTRY
411440 FUEL_PUMP(33): Started DISP_DRAW_BEGIN_CFM from ILI9341(17) seq=532
411440 FUEL_PUMP(33): ReDrawing DISP_DRAW_END_CFM from ILI9341(17) seq=533
411440 FUEL_PUMP(33): ReDrawing EXIT
411440 FUEL_PUMP(33): Filling ENTRY
411637 SYSTEM(1): Started GPIO_IN_HOLD_IND from USER_BTN(25) seq=270
411637 FUEL_PUMP(33): Filling FUEL_PUMP_FILL_IND from SYSTEM(1) seq=0
411637 FUEL_PUMP(33): Filling FLDRAW from UNDEF(0) seq=0
411637 FUEL_PUMP(33): Filling EXIT
411637 FUEL_PUMP(33): ReDrawing ENTRY
411640 FUEL_PUMP(33): Started DISP_DRAW_BEGIN_CFM from ILI9341(17) seq=534
411640 FUEL_PUMP(33): ReDrawing DISP_DRAW_END_CFM from ILI9341(17) seq=535
411640 FUEL_PUMP(33): ReDrawing EXIT
411640 FUEL_PUMP(33): Filling ENTRY
411837 SYSTEM(1): Started GPIO_IN_HOLD_IND from USER_BTN(25) seq=271
411837 FUEL_PUMP(33): Filling FUEL_PUMP_FILL_IND from SYSTEM(1) seq=0
411837 FUEL_PUMP(33): Filling FLDRAW from UNDEF(0) seq=0
411837 FUEL_PUMP(33): Filling EXIT
411837 FUEL_PUMP(33): ReDrawing ENTRY
411840 FUEL_PUMP(33): Started DISP_DRAW_BEGIN_CFM from ILI9341(17) seq=536
411840 FUEL_PUMP(33): ReDrawing DISP_DRAW_END_CFM from ILI9341(17) seq=537
411840 FUEL_PUMP(33): ReDrawing EXIT
411840 FUEL_PUMP(33): Filling ENTRY
412037 SYSTEM(1): Started GPIO_IN_HOLD_IND from USER_BTN(25) seq=272
412037 FUEL_PUMP(33): Filling FUEL_PUMP_FILL_IND from SYSTEM(1) seq=0
412037 FUEL_PUMP(33): Filling FLDRAW from UNDEF(0) seq=0
412037 FUEL_PUMP(33): Filling EXIT
412037 FUEL_PUMP(33): ReDrawing ENTRY
412040 FUEL_PUMP(33): Started DISP_DRAW_BEGIN_CFM from ILI9341(17) seq=538
412040 FUEL_PUMP(33): ReDrawing DISP_DRAW_END_CFM from ILI9341(17) seq=539
412040 FUEL_PUMP(33): ReDrawing EXIT
412040 FUEL_PUMP(33): Filling ENTRY
412237 SYSTEM(1): Started GPIO_IN_HOLD_IND from USER_BTN(25) seq=273
412237 FUEL_PUMP(33): Filling FUEL_PUMP_FILL_IND from SYSTEM(1) seq=0
412237 FUEL_PUMP(33): Filling FLDRAW from UNDEF(0) seq=0
412237 FUEL_PUMP(33): Filling EXIT
412237 FUEL_PUMP(33): ReDrawing ENTRY
412240 FUEL_PUMP(33): Started DISP_DRAW_BEGIN_CFM from ILI9341(17) seq=540
412240 FUEL_PUMP(33): ReDrawing DISP_DRAW_END_CFM from ILI9341(17) seq=541
412240 FUEL_PUMP(33): ReDrawing EXIT
412240 FUEL_PUMP(33): Filling ENTRY
412437 SYSTEM(1): Started GPIO_IN_HOLD_IND from USER_BTN(25) seq=274
412437 FUEL_PUMP(33): Filling FUEL_PUMP_FILL_IND from SYSTEM(1) seq=0
412437 FUEL_PUMP(33): Filling FLDRAW from UNDEF(0) seq=0
412437 FUEL_PUMP(33): Filling EXIT
412437 FUEL_PUMP(33): ReDrawing ENTRY
412440 FUEL_PUMP(33): Started DISP_DRAW_BEGIN_CFM from ILI9341(17) seq=542
412440 FUEL_PUMP(33): ReDrawing DISP_DRAW_END_CFM from ILI9341(17) seq=543
412440 FUEL_PUMP(33): ReDrawing EXIT
412440 FUEL_PUMP(33): Filling ENTRY
412637 SYSTEM(1): Started GPIO_IN_HOLD_IND from USER_BTN(25) seq=275
412637 FUEL_PUMP(33): Filling FUEL_PUMP_FILL_IND from SYSTEM(1) seq=0
412637 FUEL_PUMP(33): Filling FLDRAW from UNDEF(0) seq=0
412637 FUEL_PUMP(33): Filling EXIT
412637 FUEL_PUMP(33): ReDrawing ENTRY
412640 FUEL_PUMP(33): Started DISP_DRAW_BEGIN_CFM from ILI9341(17) seq=544
412640 FUEL_PUMP(33): ReDrawing DISP_DRAW_END_CFM from ILI9341(17) seq=545
412640 FUEL_PUMP(33): ReDrawing EXIT
412640 FUEL_PUMP(33): Filling ENTRY
412837 SYSTEM(1): Started GPIO_IN_HOLD_IND from USER_BTN(25) seq=276
412837 FUEL_PUMP(33): Filling FUEL_PUMP_FILL_IND from SYSTEM(1) seq=0
412837 FUEL_PUMP(33): Filling FLDRAW from UNDEF(0) seq=0
412837 FUEL_PUMP(33): Filling EXIT
412837 FUEL_PUMP(33): ReDrawing ENTRY
412840 FUEL_PUMP(33): Started DISP_DRAW_BEGIN_CFM from ILI9341(17) seq=546
412840 FUEL_PUMP(33): ReDrawing DISP_DRAW_END_CFM from ILI9341(17) seq=547
412840 FUEL_PUMP(33): ReDrawing EXIT
412840 FUEL_PUMP(33): Filling ENTRY
413037 SYSTEM(1): Started GPIO_IN_HOLD_IND from USER_BTN(25) seq=277
413037 FUEL_PUMP(33): Filling FUEL_PUMP_FILL_IND from SYSTEM(1) seq=0
413037 FUEL_PUMP(33): Filling FLDRAW from UNDEF(0) seq=0
413037 FUEL_PUMP(33): Filling EXIT
413037 FUEL_PUMP(33): ReDrawing ENTRY
413040 FUEL_PUMP(33): Started DISP_DRAW_BEGIN_CFM from ILI9341(17) seq=548
413040 FUEL_PUMP(33): ReDrawing DISP_DRAW_END_CFM from ILI9341(17) seq=549
413040 FUEL_PUMP(33): ReDrawing EXIT
413040 FUEL_PUMP(33): Filling ENTRY
413237 SYSTEM(1): Started GPIO_IN_HOLD_IND from USER_BTN(25) seq=278
413237 FUEL_PUMP(33): Filling FUEL_PUMP_FILL_IND from SYSTEM(1) seq=0
413237 FUEL_PUMP(33): Filling FLDRAW from UNDEF(0) seq=0
413237 FUEL_PUMP(33): Filling EXIT
413237 FUEL_PUMP(33): ReDrawing ENTRY
413240 FUEL_PUMP(33): Started DISP_DRAW_BEGIN_CFM from ILI9341(17) seq=550
413240 FUEL_PUMP(33): ReDrawing DISP_DRAW_END_CFM from ILI9341(17) seq=551
413240 FUEL_PUMP(33): ReDrawing EXIT
413240 FUEL_PUMP(33): Filling ENTRY
413437 SYSTEM(1): Started GPIO_IN_HOLD_IND from USER_BTN(25) seq=279
413437 FUEL_PUMP(33): Filling FUEL_PUMP_FILL_IND from SYSTEM(1) seq=0
413437 FUEL_PUMP(33): Filling FLDRAW from UNDEF(0) seq=0
413437 FUEL_PUMP(33): Filling EXIT
413437 FUEL_PUMP(33): ReDrawing ENTRY
413440 FUEL_PUMP(33): Started DISP_DRAW_BEGIN_CFM from ILI9341(17) seq=552
413440 FUEL_PUMP(33): ReDrawing DISP_DRAW_END_CFM from ILI9341(17) seq=553
413440 FUEL_PUMP(33): ReDrawing EXIT
413440 FUEL_PUMP(33): Filling ENTRY
413637 SYSTEM(1): Started GPIO_IN_HOLD_IND from USER_BTN(25) seq=280
413637 FUEL_PUMP(33): Filling FUEL_PUMP_FILL_IND from SYSTEM(1) seq=0
413637 FUEL_PUMP(33): Filling FLDRAW from UNDEF(0) seq=0
413637 FUEL_PUMP(33): Filling EXIT
413637 FUEL_PUMP(33): ReDrawing ENTRY
413640 FUEL_PUMP(33): Started DISP_DRAW_BEGIN_CFM from ILI9341(17) seq=554
413640 FUEL_PUMP(33): ReDrawing DISP_DRAW_END_CFM from ILI9341(17) seq=555
413640 FUEL_PUMP(33): ReDrawing EXIT
413640 FUEL_PUMP(33): Filling ENTRY
413837 SYSTEM(1): Started GPIO_IN_HOLD_IND from USER_BTN(25) seq=281
413837 FUEL_PUMP(33): Filling FUEL_PUMP_FILL_IND from SYSTEM(1) seq=0
413837 FUEL_PUMP(33): Filling FLDRAW from UNDEF(0) seq=0
413837 FUEL_PUMP(33): Filling EXIT
413837 FUEL_PUMP(33): ReDrawing ENTRY
413840 FUEL_PUMP(33): Started DISP_DRAW_BEGIN_CFM from ILI9341(17) seq=556
413840 FUEL_PUMP(33): ReDrawing DISP_DRAW_END_CFM from ILI9341(17) seq=557
413840 FUEL_PUMP(33): ReDrawing EXIT
413840 FUEL_PUMP(33): Filling ENTRY
414037 SYSTEM(1): Started GPIO_IN_HOLD_IND from USER_BTN(25) seq=282
414037 FUEL_PUMP(33): Filling FUEL_PUMP_FILL_IND from SYSTEM(1) seq=0
414037 FUEL_PUMP(33): Filling FLDRAW from UNDEF(0) seq=0
414037 FUEL_PUMP(33): Filling EXIT
414037 FUEL_PUMP(33): ReDrawing ENTRY
414040 FUEL_PUMP(33): Started DISP_DRAW_BEGIN_CFM from ILI9341(17) seq=558
414040 FUEL_PUMP(33): ReDrawing DISP_DRAW_END_CFM from ILI9341(17) seq=559
414040 FUEL_PUMP(33): ReDrawing EXIT
414040 FUEL_PUMP(33): Filling ENTRY
414237 SYSTEM(1): Started GPIO_IN_HOLD_IND from USER_BTN(25) seq=283
414237 FUEL_PUMP(33): Filling FUEL_PUMP_FILL_IND from SYSTEM(1) seq=0
414237 FUEL_PUMP(33): Filling FLDRAW from UNDEF(0) seq=0
414237 FUEL_PUMP(33): Filling EXIT
414237 FUEL_PUMP(33): ReDrawing ENTRY
414240 FUEL_PUMP(33): Started DISP_DRAW_BEGIN_CFM from ILI9341(17) seq=560
414240 FUEL_PUMP(33): ReDrawing DISP_DRAW_END_CFM from ILI9341(17) seq=561
414240 FUEL_PUMP(33): ReDrawing EXIT
414240 FUEL_PUMP(33): Filling ENTRY
414437 SYSTEM(1): Started GPIO_IN_HOLD_IND from USER_BTN(25) seq=284
414437 FUEL_PUMP(33): Filling FUEL_PUMP_FILL_IND from SYSTEM(1) seq=0
414437 FUEL_PUMP(33): Filling FLDRAW from UNDEF(0) seq=0
414437 FUEL_PUMP(33): Filling EXIT
414437 FUEL_PUMP(33): ReDrawing ENTRY
414440 FUEL_PUMP(33): Started DISP_DRAW_BEGIN_CFM from ILI9341(17) seq=562
414440 FUEL_PUMP(33): ReDrawing DISP_DRAW_END_CFM from ILI9341(17) seq=563
414440 FUEL_PUMP(33): ReDrawing EXIT
414440 FUEL_PUMP(33): Filling ENTRY
414637 SYSTEM(1): Started GPIO_IN_HOLD_IND from USER_BTN(25) seq=285
414637 FUEL_PUMP(33): Filling FUEL_PUMP_FILL_IND from SYSTEM(1) seq=0
414637 FUEL_PUMP(33): Filling FLDRAW from UNDEF(0) seq=0
414637 FUEL_PUMP(33): Filling EXIT
414637 FUEL_PUMP(33): ReDrawing ENTRY
414640 FUEL_PUMP(33): Started DISP_DRAW_BEGIN_CFM from ILI9341(17) seq=564
414640 FUEL_PUMP(33): ReDrawing DISP_DRAW_END_CFM from ILI9341(17) seq=565
414640 FUEL_PUMP(33): ReDrawing EXIT
414640 FUEL_PUMP(33): Filling ENTRY
414837 SYSTEM(1): Started GPIO_IN_HOLD_IND from USER_BTN(25) seq=286
414837 FUEL_PUMP(33): Filling FUEL_PUMP_FILL_IND from SYSTEM(1) seq=0
414837 FUEL_PUMP(33): Filling FLDRAW from UNDEF(0) seq=0
414837 FUEL_PUMP(33): Filling EXIT
414837 FUEL_PUMP(33): ReDrawing ENTRY
414840 FUEL_PUMP(33): Started DISP_DRAW_BEGIN_CFM from ILI9341(17) seq=566
414840 FUEL_PUMP(33): ReDrawing DISP_DRAW_END_CFM from ILI9341(17) seq=567
414840 FUEL_PUMP(33): ReDrawing EXIT
414840 FUEL_PUMP(33): Filling ENTRY
415037 SYSTEM(1): Started GPIO_IN_HOLD_IND from USER_BTN(25) seq=287
415037 FUEL_PUMP(33): Filling FUEL_PUMP_FILL_IND from SYSTEM(1) seq=0
415037 FUEL_PUMP(33): Filling FLDRAW from UNDEF(0) seq=0
415037 FUEL_PUMP(33): Filling EXIT
415037 FUEL_PUMP(33): ReDrawing ENTRY
415040 FUEL_PUMP(33): Started DISP_DRAW_BEGIN_CFM from ILI9341(17) seq=568
415040 FUEL_PUMP(33): ReDrawing DISP_DRAW_END_CFM from ILI9341(17) seq=569
415040 FUEL_PUMP(33): ReDrawing EXIT
415040 FUEL_PUMP(33): Filling ENTRY

416298 CONSOLE_UART1> 
416458 CONSOLE_UART1> 
416629 CONSOLE_UART1> 
416767 CONSOLE_UART1> 
416904 CONSOLE_UART1> state
HSM states:
===========
UNDEF(0) - UNDEF                                        SYSTEM(1) - Started                                     
CONSOLE_UART1(2) - Interactive                          UNDEF(3) - UNDEF                                        
CMD_INPUT_UART1(4) - CmdReady                           UNDEF(5) - UNDEF                                        
CMD_PARSER_UART1(6) - SimpleArg                         UNDEF(7) - UNDEF                                        
UART1_ACT(8) - Normal                                   UNDEF(9) - UNDEF                                        
UART1_IN(10) - Active                                   UNDEF(11) - UNDEF                                       
UART1_OUT(12) - Normal                                  UNDEF(13) - UNDEF                                       
WIFI(14) - Joining                                      NODE(15) - ConnectWait                                  
NODE_PARSER(16) - HeaderWait                            ILI9341(17) - Idle                                      
UNDEF(18) - UNDEF                                       SENSOR(19) - Started                                    
SENSOR_ACCEL_GYRO(20) - Off                             SENSOR_HUMID_TEMP(21) - Started                         
SENSOR_MAG(22) - Started                                SENSOR_PRESS(23) - Started                              
GPIO_IN_ACT(24) - Root                                  USER_BTN(25) - Inactive                                 
ACCEL_GYRO_INT(26) - Inactive                           MAG_DRDY(27) - Stopped                                  
HUMID_TEMP_DRDY(28) - Stopped                           PRESS_INT(29) - Stopped                                 
UNDEF(30) - UNDEF                                       GPIO_OUT_ACT(31) - Root                                 
USER_LED(32) - Repeating                                FUEL_PUMP(33) - Filling                                 
AO_WASHING_MACHINE(34) - DoorOpen                       TRAFFIC(35) - Stopped                                   
LAMP_NS(36) - Red                                       LAMP_EW(37) - Red                                       
LEVEL_METER(38) - Stopped                               SIMPLE_ACT(39) - Started                                
UNDEF(40) - UNDEF                                       COMPOSITE_ACT(41) - Started                             
COMPOSITE_REG0(42) - Started                            COMPOSITE_REG1(43) - Started                            
COMPOSITE_REG2(44) - Started                            COMPOSITE_REG3(45) - Started                            


417677 CONSOLE_UART1> 
417879 CONSOLE_UART1> 
418012 CONSOLE_UART1> 
418165 CONSOLE_UART1> 
418311 CONSOLE_UART1> 423490 FUEL_PUMP(33): Pumping PUMP_TIMER
423490 FUEL_PUMP(33): Filling EXIT
423490 FUEL_PUMP(33): Pumping EXIT
423490 FUEL_PUMP(33): Admission ENTRY
423490 FUEL_PUMP(33): Admission EXIT
423490 FUEL_PUMP(33): WaitingDrawing ENTRY
423500 FUEL_PUMP(33): Started GPIO_OUT_OFF_CFM from USER_LED(32) seq=570
423500 FUEL_PUMP(33): Started DISP_DRAW_BEGIN_CFM from ILI9341(17) seq=571
423500 FUEL_PUMP(33): WaitingDrawing DISP_DRAW_END_CFM from ILI9341(17) seq=572
423500 FUEL_PUMP(33): WaitingDrawing EXIT
423501 FUEL_PUMP(33): Waiting ENTRY

426939 CONSOLE_UART1> 
427143 CONSOLE_UART1> 433501 FUEL_PUMP(33): Passive TIME_OUT_TIMER
433501 FUEL_PUMP(33): Waiting EXIT
433501 FUEL_PUMP(33): Passive EXIT
433501 FUEL_PUMP(33): Idle ENTRY
433501 FUEL_PUMP(33): Idle EXIT
433501 FUEL_PUMP(33): IdleDrawing ENTRY
433553 FUEL_PUMP(33): Started DISP_DRAW_BEGIN_CFM from ILI9341(17) seq=573
433553 FUEL_PUMP(33): IdleDrawing DISP_DRAW_END_CFM from ILI9341(17) seq=574
433561 FUEL_PUMP(33): Started DISP_DRAW_BEGIN_CFM from ILI9341(17) seq=575
433561 FUEL_PUMP(33): IdleDrawing DISP_DRAW_END_CFM from ILI9341(17) seq=576
433561 FUEL_PUMP(33): IdleDrawing EXIT
433561 FUEL_PUMP(33): Idle ENTRY

435077 CONSOLE_UART1> 
435238 CONSOLE_UART1> 
435390 CONSOLE_UART1> fuel ?
[Commands]
test           Test Function
pay            Makes Payment
grade          Select Grade [ 87, 89, 91, 93]
prate          Grade Price Rate 
grate          Main Tank Gallons Rate 
?              List Commands

440853 CONSOLE_UART1> 
441188 CONSOLE_UART1> 
441355 CONSOLE_UART1> 
441496 CONSOLE_UART1> fuel grate
fuel grate <#gallon rate>
445815 CONSOLE_UART1> 
446409 CONSOLE_UART1> 
446580 CONSOLE_UART1> 
446738 CONSOLE_UART1> fuel grate 14
fuel grate <#gallon rate>
453262 CONSOLE_UART1> 
455519 CONSOLE_UART1> 
455717 CONSOLE_UART1> fuel prate     great   ate 9
Main Gallon Rate 0.90
464412 FUEL_PUMP(33): Idle FUEL_PUMP_CGALLONRATE_IND from CONSOLE_UART1(2) seq=0

465233 CONSOLE_UART1> 
465429 CONSOLE_UART1> 
465596 CONSOLE_UART1> 
465775 CONSOLE_UART1> fuel prate
fuel prate <#Grade> <#price rate>
471231 CONSOLE_UART1> 
471450 CONSOLE_UART1> 
471590 CONSOLE_UART1> 
471739 CONSOLE_UART1> fuel prate 91 8
Grade = 91, Price Rate =  0.80
477514 FUEL_PUMP(33): Idle FUEL_PUMP_CPRICERATE_REQ from CONSOLE_UART1(2) seq=8
477514 Received FUEL_PUMP_CPRICERATE_CFM from FUEL_PUMP(33) seq=8 error=0 origin=UNDEF(0) reason=0
477515 CONSOLE_UART1> 
478155 CONSOLE_UART1> 
478373 CONSOLE_UART1> 
478538 CONSOLE_UART1> fuel pay 0 5
Payment = Cash, Amount =  5
482979 FUEL_PUMP(33): Idle FUEL_PUMP_PAYMENT_IND from CONSOLE_UART1(2) seq=0
482979 FUEL_PUMP(33): Idle EXIT
482979 FUEL_PUMP(33): IdleDrawing ENTRY
483031 FUEL_PUMP(33): Started DISP_DRAW_BEGIN_CFM from ILI9341(17) seq=577
483032 FUEL_PUMP(33): IdleDrawing DISP_DRAW_END_CFM from ILI9341(17) seq=578
483039 FUEL_PUMP(33): Started DISP_DRAW_BEGIN_CFM from ILI9341(17) seq=579
483039 FUEL_PUMP(33): IdleDrawing DISP_DRAW_END_CFM from ILI9341(17) seq=580
483039 FUEL_PUMP(33): IdleDrawing EXIT
483039 FUEL_PUMP(33): Passive ENTRY
483039 FUEL_PUMP(33): Waiting ENTRY
483039 FUEL_PUMP(33): Waiting EXIT
483039 FUEL_PUMP(33): WaitingDrawing ENTRY
483049 FUEL_PUMP(33): Started DISP_DRAW_BEGIN_CFM from ILI9341(17) seq=581
483049 FUEL_PUMP(33): WaitingDrawing DISP_DRAW_END_CFM from ILI9341(17) seq=582
483049 FUEL_PUMP(33): WaitingDrawing EXIT
483050 FUEL_PUMP(33): Waiting ENTRY

483173 CONSOLE_UART1> 
483336 CONSOLE_UART1> fuel grade 91
Grade = 91 
486051 FUEL_PUMP(33): Waiting FUEL_PUMP_GRADE_REQ from CONSOLE_UART1(2) seq=9
486051 FUEL_PUMP(33): Waiting EXIT
486051 FUEL_PUMP(33): WaitingDrawing ENTRY
486064 FUEL_PUMP(33): Started DISP_DRAW_BEGIN_CFM from ILI9341(17) seq=583
486064 FUEL_PUMP(33): WaitingDrawing DISP_DRAW_END_CFM from ILI9341(17) seq=584
486064 FUEL_PUMP(33): WaitingDrawing EXIT
486064 FUEL_PUMP(33): Pumping ENTRY
486064 FUEL_PUMP(33): Filling ENTRY
486064 FUEL_PUMP(33): Started GPIO_OUT_PATTERN_CFM from USER_LED(32) seq=585
486064 Received FUEL_PUMP_GRADE_CFM from FUEL_PUMP(33) seq=9 error=0 origin=UNDEF(0) reason=0
486065 CONSOLE_UART1> 
486517 CONSOLE_UART1> 
486714 CONSOLE_UART1> 
486866 CONSOLE_UART1> 
487026 CONSOLE_UART1> 
487213 CONSOLE_UART1> 489187 SYSTEM(1): Started GPIO_IN_HOLD_IND from USER_BTN(25) seq=292
489187 FUEL_PUMP(33): Filling FUEL_PUMP_FILL_IND from SYSTEM(1) seq=0
489187 FUEL_PUMP(33): Filling FLDRAW from UNDEF(0) seq=0
489187 FUEL_PUMP(33): Filling EXIT
489187 FUEL_PUMP(33): ReDrawing ENTRY
489189 FUEL_PUMP(33): Started DISP_DRAW_BEGIN_CFM from ILI9341(17) seq=586
489189 FUEL_PUMP(33): ReDrawing DISP_DRAW_END_CFM from ILI9341(17) seq=587
489190 FUEL_PUMP(33): ReDrawing EXIT
489190 FUEL_PUMP(33): Filling ENTRY
489387 SYSTEM(1): Started GPIO_IN_HOLD_IND from USER_BTN(25) seq=293
489387 FUEL_PUMP(33): Filling FUEL_PUMP_FILL_IND from SYSTEM(1) seq=0
489387 FUEL_PUMP(33): Filling FLDRAW from UNDEF(0) seq=0
489387 FUEL_PUMP(33): Filling EXIT
489387 FUEL_PUMP(33): ReDrawing ENTRY
489389 FUEL_PUMP(33): Started DISP_DRAW_BEGIN_CFM from ILI9341(17) seq=588
489389 FUEL_PUMP(33): ReDrawing DISP_DRAW_END_CFM from ILI9341(17) seq=589
489390 FUEL_PUMP(33): ReDrawing EXIT
489390 FUEL_PUMP(33): Filling ENTRY
489587 SYSTEM(1): Started GPIO_IN_HOLD_IND from USER_BTN(25) seq=294
489587 FUEL_PUMP(33): Filling FUEL_PUMP_FILL_IND from SYSTEM(1) seq=0
489587 FUEL_PUMP(33): Filling FLDRAW from UNDEF(0) seq=0
489587 FUEL_PUMP(33): Filling EXIT
489587 FUEL_PUMP(33): ReDrawing ENTRY
489589 FUEL_PUMP(33): Started DISP_DRAW_BEGIN_CFM from ILI9341(17) seq=590
489589 FUEL_PUMP(33): ReDrawing DISP_DRAW_END_CFM from ILI9341(17) seq=591
489590 FUEL_PUMP(33): ReDrawing EXIT
489590 FUEL_PUMP(33): Filling ENTRY
489787 SYSTEM(1): Started GPIO_IN_HOLD_IND from USER_BTN(25) seq=295
489787 FUEL_PUMP(33): Filling FUEL_PUMP_FILL_IND from SYSTEM(1) seq=0
489787 FUEL_PUMP(33): Filling FLDRAW from UNDEF(0) seq=0
489787 FUEL_PUMP(33): Filling EXIT
489787 FUEL_PUMP(33): ReDrawing ENTRY
489789 FUEL_PUMP(33): Started DISP_DRAW_BEGIN_CFM from ILI9341(17) seq=592
489789 FUEL_PUMP(33): ReDrawing DISP_DRAW_END_CFM from ILI9341(17) seq=593
489790 FUEL_PUMP(33): ReDrawing EXIT
489790 FUEL_PUMP(33): Filling ENTRY
489987 SYSTEM(1): Started GPIO_IN_HOLD_IND from USER_BTN(25) seq=296
489987 FUEL_PUMP(33): Filling FUEL_PUMP_FILL_IND from SYSTEM(1) seq=0
489987 FUEL_PUMP(33): Filling FLDRAW from UNDEF(0) seq=0
489987 FUEL_PUMP(33): Filling EXIT
489987 FUEL_PUMP(33): ReDrawing ENTRY
489989 FUEL_PUMP(33): Started DISP_DRAW_BEGIN_CFM from ILI9341(17) seq=594
489989 FUEL_PUMP(33): ReDrawing DISP_DRAW_END_CFM from ILI9341(17) seq=595
489990 FUEL_PUMP(33): ReDrawing EXIT
489990 FUEL_PUMP(33): Filling ENTRY
490187 SYSTEM(1): Started GPIO_IN_HOLD_IND from USER_BTN(25) seq=297
490187 FUEL_PUMP(33): Filling FUEL_PUMP_FILL_IND from SYSTEM(1) seq=0
490187 FUEL_PUMP(33): Filling FLDRAW from UNDEF(0) seq=0
490187 FUEL_PUMP(33): Filling EXIT
490187 FUEL_PUMP(33): ReDrawing ENTRY
490189 FUEL_PUMP(33): Started DISP_DRAW_BEGIN_CFM from ILI9341(17) seq=596
490189 FUEL_PUMP(33): ReDrawing DISP_DRAW_END_CFM from ILI9341(17) seq=597
490190 FUEL_PUMP(33): ReDrawing EXIT
490190 FUEL_PUMP(33): Filling ENTRY
490387 SYSTEM(1): Started GPIO_IN_HOLD_IND from USER_BTN(25) seq=298
490387 FUEL_PUMP(33): Filling FUEL_PUMP_FILL_IND from SYSTEM(1) seq=0
490387 FUEL_PUMP(33): Filling FLDRAW from UNDEF(0) seq=0
490387 FUEL_PUMP(33): Filling EXIT
490387 FUEL_PUMP(33): ReDrawing ENTRY
490389 FUEL_PUMP(33): Started DISP_DRAW_BEGIN_CFM from ILI9341(17) seq=598
490389 FUEL_PUMP(33): ReDrawing DISP_DRAW_END_CFM from ILI9341(17) seq=599
490390 FUEL_PUMP(33): ReDrawing EXIT
490390 FUEL_PUMP(33): Filling ENTRY
490587 SYSTEM(1): Started GPIO_IN_HOLD_IND from USER_BTN(25) seq=299
490587 FUEL_PUMP(33): Filling FUEL_PUMP_FILL_IND from SYSTEM(1) seq=0
490587 FUEL_PUMP(33): Filling FLDRAW from UNDEF(0) seq=0
490587 FUEL_PUMP(33): Filling EXIT
490587 FUEL_PUMP(33): ReDrawing ENTRY
490589 FUEL_PUMP(33): Started DISP_DRAW_BEGIN_CFM from ILI9341(17) seq=600
490589 FUEL_PUMP(33): ReDrawing DISP_DRAW_END_CFM from ILI9341(17) seq=601
490590 FUEL_PUMP(33): ReDrawing EXIT
490590 FUEL_PUMP(33): Filling ENTRY
490787 SYSTEM(1): Started GPIO_IN_HOLD_IND from USER_BTN(25) seq=300
490787 FUEL_PUMP(33): Filling FUEL_PUMP_FILL_IND from SYSTEM(1) seq=0
490787 FUEL_PUMP(33): Filling FLDRAW from UNDEF(0) seq=0
490787 FUEL_PUMP(33): Filling EXIT
490787 FUEL_PUMP(33): ReDrawing ENTRY
490789 FUEL_PUMP(33): Started DISP_DRAW_BEGIN_CFM from ILI9341(17) seq=602
490789 FUEL_PUMP(33): ReDrawing DISP_DRAW_END_CFM from ILI9341(17) seq=603
490790 FUEL_PUMP(33): ReDrawing EXIT
490790 FUEL_PUMP(33): Filling ENTRY
490987 SYSTEM(1): Started GPIO_IN_HOLD_IND from USER_BTN(25) seq=301
490987 FUEL_PUMP(33): Filling FUEL_PUMP_FILL_IND from SYSTEM(1) seq=0
490987 FUEL_PUMP(33): Filling FLDRAW from UNDEF(0) seq=0
490987 FUEL_PUMP(33): Filling EXIT
490987 FUEL_PUMP(33): ReDrawing ENTRY
490989 FUEL_PUMP(33): Started DISP_DRAW_BEGIN_CFM from ILI9341(17) seq=604
490989 FUEL_PUMP(33): ReDrawing DISP_DRAW_END_CFM from ILI9341(17) seq=605
490990 FUEL_PUMP(33): ReDrawing EXIT
490990 FUEL_PUMP(33): Filling ENTRY
491187 SYSTEM(1): Started GPIO_IN_HOLD_IND from USER_BTN(25) seq=302
491187 FUEL_PUMP(33): Filling FUEL_PUMP_FILL_IND from SYSTEM(1) seq=0
491187 FUEL_PUMP(33): Filling FLDRAW from UNDEF(0) seq=0
491187 FUEL_PUMP(33): Filling EXIT
491187 FUEL_PUMP(33): ReDrawing ENTRY
491189 FUEL_PUMP(33): Started DISP_DRAW_BEGIN_CFM from ILI9341(17) seq=606
491189 FUEL_PUMP(33): ReDrawing DISP_DRAW_END_CFM from ILI9341(17) seq=607
491190 FUEL_PUMP(33): ReDrawing EXIT
491190 FUEL_PUMP(33): Filling ENTRY
491387 SYSTEM(1): Started GPIO_IN_HOLD_IND from USER_BTN(25) seq=303
491387 FUEL_PUMP(33): Filling FUEL_PUMP_FILL_IND from SYSTEM(1) seq=0
491387 FUEL_PUMP(33): Filling FLDRAW from UNDEF(0) seq=0
491387 FUEL_PUMP(33): Filling EXIT
491387 FUEL_PUMP(33): ReDrawing ENTRY
491389 FUEL_PUMP(33): Started DISP_DRAW_BEGIN_CFM from ILI9341(17) seq=608
491389 FUEL_PUMP(33): ReDrawing DISP_DRAW_END_CFM from ILI9341(17) seq=609
491390 FUEL_PUMP(33): ReDrawing EXIT
491390 FUEL_PUMP(33): Filling ENTRY
491587 SYSTEM(1): Started GPIO_IN_HOLD_IND from USER_BTN(25) seq=304
491587 FUEL_PUMP(33): Filling FUEL_PUMP_FILL_IND from SYSTEM(1) seq=0
491587 FUEL_PUMP(33): Filling FLDRAW from UNDEF(0) seq=0
491587 FUEL_PUMP(33): Filling EXIT
491587 FUEL_PUMP(33): ReDrawing ENTRY
491589 FUEL_PUMP(33): Started DISP_DRAW_BEGIN_CFM from ILI9341(17) seq=610
491589 FUEL_PUMP(33): ReDrawing DISP_DRAW_END_CFM from ILI9341(17) seq=611
491590 FUEL_PUMP(33): ReDrawing EXIT
491590 FUEL_PUMP(33): Filling ENTRY
491787 SYSTEM(1): Started GPIO_IN_HOLD_IND from USER_BTN(25) seq=305
491787 FUEL_PUMP(33): Filling FUEL_PUMP_FILL_IND from SYSTEM(1) seq=0
491787 FUEL_PUMP(33): Filling FLDRAW from UNDEF(0) seq=0
491787 FUEL_PUMP(33): Filling EXIT
491787 FUEL_PUMP(33): ReDrawing ENTRY
491789 FUEL_PUMP(33): Started DISP_DRAW_BEGIN_CFM from ILI9341(17) seq=612
491789 FUEL_PUMP(33): ReDrawing DISP_DRAW_END_CFM from ILI9341(17) seq=613
491790 FUEL_PUMP(33): ReDrawing EXIT
491790 FUEL_PUMP(33): Filling ENTRY
491987 SYSTEM(1): Started GPIO_IN_HOLD_IND from USER_BTN(25) seq=306
491987 FUEL_PUMP(33): Filling FUEL_PUMP_FILL_IND from SYSTEM(1) seq=0
491987 FUEL_PUMP(33): Filling FLDRAW from UNDEF(0) seq=0
491987 FUEL_PUMP(33): Filling EXIT
491987 FUEL_PUMP(33): ReDrawing ENTRY
491989 FUEL_PUMP(33): Started DISP_DRAW_BEGIN_CFM from ILI9341(17) seq=614
491989 FUEL_PUMP(33): ReDrawing DISP_DRAW_END_CFM from ILI9341(17) seq=615
491990 FUEL_PUMP(33): ReDrawing EXIT
491990 FUEL_PUMP(33): Filling ENTRY
492187 SYSTEM(1): Started GPIO_IN_HOLD_IND from USER_BTN(25) seq=307
492187 FUEL_PUMP(33): Filling FUEL_PUMP_FILL_IND from SYSTEM(1) seq=0
492187 FUEL_PUMP(33): Filling FLDRAW from UNDEF(0) seq=0
492187 FUEL_PUMP(33): Filling EXIT
492187 FUEL_PUMP(33): ReDrawing ENTRY
492189 FUEL_PUMP(33): Started DISP_DRAW_BEGIN_CFM from ILI9341(17) seq=616
492189 FUEL_PUMP(33): ReDrawing DISP_DRAW_END_CFM from ILI9341(17) seq=617
492190 FUEL_PUMP(33): ReDrawing EXIT
492190 FUEL_PUMP(33): Filling ENTRY
492387 SYSTEM(1): Started GPIO_IN_HOLD_IND from USER_BTN(25) seq=308
492387 FUEL_PUMP(33): Filling FUEL_PUMP_FILL_IND from SYSTEM(1) seq=0
492387 FUEL_PUMP(33): Filling FLDRAW from UNDEF(0) seq=0
492387 FUEL_PUMP(33): Filling EXIT
492387 FUEL_PUMP(33): ReDrawing ENTRY
492389 FUEL_PUMP(33): Started DISP_DRAW_BEGIN_CFM from ILI9341(17) seq=618
492389 FUEL_PUMP(33): ReDrawing DISP_DRAW_END_CFM from ILI9341(17) seq=619
492390 FUEL_PUMP(33): ReDrawing EXIT
492390 FUEL_PUMP(33): Filling ENTRY
492587 SYSTEM(1): Started GPIO_IN_HOLD_IND from USER_BTN(25) seq=309
492587 FUEL_PUMP(33): Filling FUEL_PUMP_FILL_IND from SYSTEM(1) seq=0
492587 FUEL_PUMP(33): Filling FLDRAW from UNDEF(0) seq=0
492587 FUEL_PUMP(33): Filling EXIT
492587 FUEL_PUMP(33): ReDrawing ENTRY
492589 FUEL_PUMP(33): Started DISP_DRAW_BEGIN_CFM from ILI9341(17) seq=620
492589 FUEL_PUMP(33): ReDrawing DISP_DRAW_END_CFM from ILI9341(17) seq=621
492590 FUEL_PUMP(33): ReDrawing EXIT
492590 FUEL_PUMP(33): Filling ENTRY
492787 SYSTEM(1): Started GPIO_IN_HOLD_IND from USER_BTN(25) seq=310
492787 FUEL_PUMP(33): Filling FUEL_PUMP_FILL_IND from SYSTEM(1) seq=0
492787 FUEL_PUMP(33): Filling FLDRAW from UNDEF(0) seq=0
492787 FUEL_PUMP(33): Filling EXIT
492787 FUEL_PUMP(33): ReDrawing ENTRY
492789 FUEL_PUMP(33): Started DISP_DRAW_BEGIN_CFM from ILI9341(17) seq=622
492789 FUEL_PUMP(33): ReDrawing DISP_DRAW_END_CFM from ILI9341(17) seq=623
492790 FUEL_PUMP(33): ReDrawing EXIT
492790 FUEL_PUMP(33): Filling ENTRY

493750 CONSOLE_UART1> 
494061 CONSOLE_UART1> 
494207 CONSOLE_UART1> 501240 FUEL_PUMP(33): Pumping PUMP_TIMER
501240 FUEL_PUMP(33): Filling EXIT
501240 FUEL_PUMP(33): Pumping EXIT
501240 FUEL_PUMP(33): Admission ENTRY
501240 FUEL_PUMP(33): Admission EXIT
501240 FUEL_PUMP(33): WaitingDrawing ENTRY
501250 FUEL_PUMP(33): Started GPIO_OUT_OFF_CFM from USER_LED(32) seq=624
501250 FUEL_PUMP(33): Started DISP_DRAW_BEGIN_CFM from ILI9341(17) seq=625
501250 FUEL_PUMP(33): WaitingDrawing DISP_DRAW_END_CFM from ILI9341(17) seq=626
501251 FUEL_PUMP(33): WaitingDrawing EXIT
501251 FUEL_PUMP(33): Waiting ENTRY
511251 FUEL_PUMP(33): Passive TIME_OUT_TIMER
511251 FUEL_PUMP(33): Waiting EXIT
511251 FUEL_PUMP(33): Passive EXIT
511251 FUEL_PUMP(33): Idle ENTRY
511251 FUEL_PUMP(33): Idle EXIT
511251 FUEL_PUMP(33): IdleDrawing ENTRY
511303 FUEL_PUMP(33): Started DISP_DRAW_BEGIN_CFM from ILI9341(17) seq=627
511303 FUEL_PUMP(33): IdleDrawing DISP_DRAW_END_CFM from ILI9341(17) seq=628
511311 FUEL_PUMP(33): Started DISP_DRAW_BEGIN_CFM from ILI9341(17) seq=629
511311 FUEL_PUMP(33): IdleDrawing DISP_DRAW_END_CFM from ILI9341(17) seq=630
511311 FUEL_PUMP(33): IdleDrawing EXIT
511311 FUEL_PUMP(33): Idle ENTRY

517229 CONSOLE_UART1> 
517392 CONSOLE_UART1> 
517683 CONSOLE_UART1> 
517833 CONSOLE_UART1> 